<?xml version="1.0" encoding="UTF-8" ?>
<testsuite errors="0" failures="0" hostname="wifi-roaming-128-4-108-130.host.udel.edu" name="edu.udel.cis.taschd.skill.SkillSetTest" skipped="0" tests="7" time="0.066" timestamp="2018-12-07T19:56:51">
  <properties>
[...]
</properties>
  <testcase classname="edu.udel.cis.taschd.skill.SkillSetTest" name="test1" time="0.0" />
  <testcase classname="edu.udel.cis.taschd.skill.SkillSetTest" name="test2" time="0.0" />
  <testcase classname="edu.udel.cis.taschd.skill.SkillSetTest" name="test3" time="0.0" />
  <testcase classname="edu.udel.cis.taschd.skill.SkillSetTest" name="test4" time="0.0" />
  <testcase classname="edu.udel.cis.taschd.skill.SkillSetTest" name="test5" time="0.0" />
  <testcase classname="edu.udel.cis.taschd.skill.SkillSetTest" name="test6" time="0.0" />
  <testcase classname="edu.udel.cis.taschd.skill.SkillSetTest" name="test7" time="0.0" />
  <system-out><![CDATA[]]></system-out>
  <system-err><![CDATA[]]></system-err>
</testsuite>
