<?xml version="1.0" encoding="UTF-8" ?>
<testsuite errors="0" failures="0" hostname="wifi-roaming-128-4-108-130.host.udel.edu" name="edu.udel.cis.taschd.extract.CourseScheduleExtractorTest" skipped="0" tests="3" time="17.448" timestamp="2018-12-07T19:56:34">
  <properties>
[...]
</properties>
  <testcase classname="edu.udel.cis.taschd.extract.CourseScheduleExtractorTest" name="CSExtractorTest" time="9.898" />
  <testcase classname="edu.udel.cis.taschd.extract.CourseScheduleExtractorTest" name="CSAllCoursesExtractorTest" time="7.544" />
  <testcase classname="edu.udel.cis.taschd.extract.CourseScheduleExtractorTest" name="CSExtractorEmptyArgsTest" time="0.003" />
  <system-out><![CDATA[[CISC 675 - 020LAB 010LEC]
[CISC 681 - 010LEC]
********************** CSExtractorTest Complete *************************
57 Courses are returned for key CISC in term 2193
******************* CSAllCoursesExtractorTest Complete *******************
Course Key provided is empty
Term value provided is empty
Source should be Web, only Web extraction is implemented in this phase
******************* CSExtractorEmptyArgsTest Complete *******************
]]></system-out>
  <system-err><![CDATA[java.lang.instrument.IllegalClassFormatException: Error while instrumenting com/gargoylesoftware/css/parser/javacc/CSS3ParserTokenManager.
	at org.jacoco.agent.rt.internal_290345e.CoverageTransformer.transform(CoverageTransformer.java:93)
	at sun.instrument.TransformerManager.transform(TransformerManager.java:188)
	at sun.instrument.InstrumentationImpl.transform(InstrumentationImpl.java:428)
	at java.lang.ClassLoader.defineClass1(Native Method)
	at java.lang.ClassLoader.defineClass(ClassLoader.java:763)
	at java.security.SecureClassLoader.defineClass(SecureClassLoader.java:142)
	at java.net.URLClassLoader.defineClass(URLClassLoader.java:467)
	at java.net.URLClassLoader.access$100(URLClassLoader.java:73)
	at java.net.URLClassLoader$1.run(URLClassLoader.java:368)
	at java.net.URLClassLoader$1.run(URLClassLoader.java:362)
	at java.security.AccessController.doPrivileged(Native Method)
	at java.net.URLClassLoader.findClass(URLClassLoader.java:361)
	at java.lang.ClassLoader.loadClass(ClassLoader.java:424)
	at sun.misc.Launcher$AppClassLoader.loadClass(Launcher.java:338)
	at java.lang.ClassLoader.loadClass(ClassLoader.java:357)
	at com.gargoylesoftware.css.parser.javacc.CSS3Parser.<init>(CSS3Parser.java:3148)
	at com.gargoylesoftware.css.parser.javacc.CSS3Parser.<init>(CSS3Parser.java:52)
	at com.gargoylesoftware.htmlunit.javascript.host.css.CSSStyleSheet.parseCSS(CSSStyleSheet.java:864)
	at com.gargoylesoftware.htmlunit.javascript.host.css.CSSStyleSheet.<init>(CSSStyleSheet.java:204)
	at com.gargoylesoftware.htmlunit.javascript.host.css.CSSStyleSheet.loadStylesheet(CSSStyleSheet.java:320)
	at com.gargoylesoftware.htmlunit.html.HtmlLink$1.execute(HtmlLink.java:288)
	at com.gargoylesoftware.htmlunit.html.HtmlLink.onAllChildrenAddedToPage(HtmlLink.java:298)
	at com.gargoylesoftware.htmlunit.html.HTMLParser$HtmlUnitDOMBuilder.endElement(HTMLParser.java:802)
	at org.apache.xerces.parsers.AbstractSAXParser.endElement(Unknown Source)
	at com.gargoylesoftware.htmlunit.html.HTMLParser$HtmlUnitDOMBuilder.endElement(HTMLParser.java:758)
	at org.apache.xerces.parsers.AbstractXMLDocumentParser.emptyElement(Unknown Source)
	at net.sourceforge.htmlunit.cyberneko.HTMLTagBalancer.startElement(HTMLTagBalancer.java:781)
	at net.sourceforge.htmlunit.cyberneko.HTMLTagBalancer.emptyElement(HTMLTagBalancer.java:829)
	at net.sourceforge.htmlunit.cyberneko.filters.DefaultFilter.emptyElement(DefaultFilter.java:151)
	at net.sourceforge.htmlunit.cyberneko.filters.NamespaceBinder.emptyElement(NamespaceBinder.java:295)
	at net.sourceforge.htmlunit.cyberneko.HTMLScanner$ContentScanner.scanStartElement(HTMLScanner.java:2811)
	at net.sourceforge.htmlunit.cyberneko.HTMLScanner$ContentScanner.scan(HTMLScanner.java:2149)
	at net.sourceforge.htmlunit.cyberneko.HTMLScanner.scanDocument(HTMLScanner.java:939)
	at net.sourceforge.htmlunit.cyberneko.HTMLConfiguration.parse(HTMLConfiguration.java:452)
	at net.sourceforge.htmlunit.cyberneko.HTMLConfiguration.parse(HTMLConfiguration.java:403)
	at org.apache.xerces.parsers.XMLParser.parse(Unknown Source)
	at com.gargoylesoftware.htmlunit.html.HTMLParser$HtmlUnitDOMBuilder.parse(HTMLParser.java:1001)
	at com.gargoylesoftware.htmlunit.html.HTMLParser.parse(HTMLParser.java:250)
	at com.gargoylesoftware.htmlunit.html.HTMLParser.parseHtml(HTMLParser.java:196)
	at com.gargoylesoftware.htmlunit.DefaultPageCreator.createHtmlPage(DefaultPageCreator.java:267)
	at com.gargoylesoftware.htmlunit.DefaultPageCreator.createPage(DefaultPageCreator.java:158)
	at com.gargoylesoftware.htmlunit.WebClient.loadWebResponseInto(WebClient.java:531)
	at com.gargoylesoftware.htmlunit.WebClient.getPage(WebClient.java:398)
	at com.gargoylesoftware.htmlunit.WebClient.getPage(WebClient.java:315)
	at com.gargoylesoftware.htmlunit.WebClient.getPage(WebClient.java:466)
	at com.gargoylesoftware.htmlunit.WebClient.getPage(WebClient.java:448)
	at edu.udel.cis.taschd.extract.CourseScheduleExtractor.getCourseScheduleWeb(CourseScheduleExtractor.java:205)
	at edu.udel.cis.taschd.extract.CourseScheduleExtractor.<init>(CourseScheduleExtractor.java:69)
	at edu.udel.cis.taschd.extract.CourseScheduleExtractorTest.CSExtractorTest(CourseScheduleExtractorTest.java:35)
	at sun.reflect.NativeMethodAccessorImpl.invoke0(Native Method)
	at sun.reflect.NativeMethodAccessorImpl.invoke(NativeMethodAccessorImpl.java:62)
	at sun.reflect.DelegatingMethodAccessorImpl.invoke(DelegatingMethodAccessorImpl.java:43)
	at java.lang.reflect.Method.invoke(Method.java:498)
	at org.junit.runners.model.FrameworkMethod$1.runReflectiveCall(FrameworkMethod.java:50)
	at org.junit.internal.runners.model.ReflectiveCallable.run(ReflectiveCallable.java:12)
	at org.junit.runners.model.FrameworkMethod.invokeExplosively(FrameworkMethod.java:47)
	at org.junit.internal.runners.statements.InvokeMethod.evaluate(InvokeMethod.java:17)
	at org.junit.runners.ParentRunner.runLeaf(ParentRunner.java:325)
	at org.junit.runners.BlockJUnit4ClassRunner.runChild(BlockJUnit4ClassRunner.java:78)
	at org.junit.runners.BlockJUnit4ClassRunner.runChild(BlockJUnit4ClassRunner.java:57)
	at org.junit.runners.ParentRunner$3.run(ParentRunner.java:290)
	at org.junit.runners.ParentRunner$1.schedule(ParentRunner.java:71)
	at org.junit.runners.ParentRunner.runChildren(ParentRunner.java:288)
	at org.junit.runners.ParentRunner.access$000(ParentRunner.java:58)
	at org.junit.runners.ParentRunner$2.evaluate(ParentRunner.java:268)
	at org.junit.runners.ParentRunner.run(ParentRunner.java:363)
	at junit.framework.JUnit4TestAdapter.run(JUnit4TestAdapter.java:38)
	at org.apache.tools.ant.taskdefs.optional.junit.JUnitTestRunner.run(JUnitTestRunner.java:534)
	at org.apache.tools.ant.taskdefs.optional.junit.JUnitTestRunner.launch(JUnitTestRunner.java:1196)
	at org.apache.tools.ant.taskdefs.optional.junit.JUnitTestRunner.main(JUnitTestRunner.java:1014)
Caused by: java.io.IOException: Error while instrumenting com/gargoylesoftware/css/parser/javacc/CSS3ParserTokenManager.
	at org.jacoco.agent.rt.internal_290345e.core.instr.Instrumenter.instrumentError(Instrumenter.java:160)
	at org.jacoco.agent.rt.internal_290345e.core.instr.Instrumenter.instrument(Instrumenter.java:110)
	at org.jacoco.agent.rt.internal_290345e.CoverageTransformer.transform(CoverageTransformer.java:91)
	... 69 more
Caused by: java.lang.RuntimeException: Method code too large!
	at org.jacoco.agent.rt.internal_290345e.asm.MethodWriter.getSize(MethodWriter.java:2059)
	at org.jacoco.agent.rt.internal_290345e.asm.ClassWriter.toByteArray(ClassWriter.java:861)
	at org.jacoco.agent.rt.internal_290345e.core.instr.Instrumenter.instrument(Instrumenter.java:91)
	at org.jacoco.agent.rt.internal_290345e.core.instr.Instrumenter.instrument(Instrumenter.java:108)
	... 70 more
]]></system-err>
</testsuite>
