<?xml version="1.0" encoding="UTF-8" ?>
<testsuite errors="0" failures="0" hostname="wifi-roaming-128-4-108-130.host.udel.edu" name="edu.udel.cis.taschd.course.SectionTest" skipped="0" tests="27" time="0.04" timestamp="2018-12-07T19:56:33">
  <properties>
[...]
</properties>
  <testcase classname="edu.udel.cis.taschd.course.SectionTest" name="testIsTaAssigned" time="0.0" />
  <testcase classname="edu.udel.cis.taschd.course.SectionTest" name="testGetNumOfLA" time="0.0" />
  <testcase classname="edu.udel.cis.taschd.course.SectionTest" name="testGetNumOfTA" time="0.0" />
  <testcase classname="edu.udel.cis.taschd.course.SectionTest" name="testCompareInstructorName" time="0.0" />
  <testcase classname="edu.udel.cis.taschd.course.SectionTest" name="testGetSectionType" time="0.001" />
  <testcase classname="edu.udel.cis.taschd.course.SectionTest" name="testCompareLocation" time="0.0" />
  <testcase classname="edu.udel.cis.taschd.course.SectionTest" name="testGetEnrollmentCap" time="0.0" />
  <testcase classname="edu.udel.cis.taschd.course.SectionTest" name="testCompareSectionNumber" time="0.0" />
  <testcase classname="edu.udel.cis.taschd.course.SectionTest" name="testCompareMTAC" time="0.0" />
  <testcase classname="edu.udel.cis.taschd.course.SectionTest" name="testToString" time="0.0" />
  <testcase classname="edu.udel.cis.taschd.course.SectionTest" name="testGetLocation" time="0.0" />
  <testcase classname="edu.udel.cis.taschd.course.SectionTest" name="testCompareTo" time="0.001" />
  <testcase classname="edu.udel.cis.taschd.course.SectionTest" name="testGetInstructorName" time="0.0" />
  <testcase classname="edu.udel.cis.taschd.course.SectionTest" name="testEqualsObject" time="0.0" />
  <testcase classname="edu.udel.cis.taschd.course.SectionTest" name="testGetSectionNumber" time="0.0" />
  <testcase classname="edu.udel.cis.taschd.course.SectionTest" name="testSetSchedule" time="0.001" />
  <testcase classname="edu.udel.cis.taschd.course.SectionTest" name="testGetSchedule" time="0.0" />
  <testcase classname="edu.udel.cis.taschd.course.SectionTest" name="testHashCode" time="0.0" />
  <testcase classname="edu.udel.cis.taschd.course.SectionTest" name="testGetCurrentEnrollment" time="0.0" />
  <testcase classname="edu.udel.cis.taschd.course.SectionTest" name="testDisplay" time="0.001" />
  <testcase classname="edu.udel.cis.taschd.course.SectionTest" name="testCompareSectionType" time="0.0" />
  <testcase classname="edu.udel.cis.taschd.course.SectionTest" name="testIsMtac" time="0.001" />
  <testcase classname="edu.udel.cis.taschd.course.SectionTest" name="testCompareTaAssigned" time="0.0" />
  <testcase classname="edu.udel.cis.taschd.course.SectionTest" name="testCompareEnrollmentCap" time="0.001" />
  <testcase classname="edu.udel.cis.taschd.course.SectionTest" name="testCompareCurrentEnrollment" time="0.0" />
  <testcase classname="edu.udel.cis.taschd.course.SectionTest" name="testCompareNumberOfLA" time="0.0" />
  <testcase classname="edu.udel.cis.taschd.course.SectionTest" name="testCompareNumberOfTA" time="0.001" />
  <system-out><![CDATA[Comparing Section 1 to Test 1 instructorName:  0
Comparing Section 1 to Test 4 instructorName:  -1
Comparing Section 2 to Test 3 instructorName:  1
Comparing Section 1 to Test 1 location:  0
Comparing Section 1 to Test 4 location:  -1
Comparing Section 2 to Test 3 location:  1
Comparing Section 1 to Test 1 sectionNumber:  0
Comparing Section 1 to Test 2 sectionNumber:  -1
Comparing Section 2 to Test 1 sectionNumber:  1
Comparing Section 1 to Test 1 mtac:  0
Comparing Section 2 to Test 1 mtac:  -1
Comparing Section 1 to Test 2 mtac:  1
010 - Siegel,Stephen
Siegel,Stephen
Equals c1 == test1:  true
Equals c1 == test2:  false
Section 1 Hash Code: -1852215236
Section 2 Hash Code: -1186543515
010, 11 of 20, Tue 11:15–12:30; Thu 11:15–12:30, MDH216, Siegel,Stephen
Comparing Section 1 to Test 1 sectionType:  0
Comparing Section 1 to Test 2 sectionType:  -1
Comparing Section 2 to Test 1 sectionType:  1
010 - Siegel,Stephen
Comparing Section 1 to Test 1 taAssigned:  0
Comparing Section 2 to Test 1 taAssigned:  -1
Comparing Section 1 to Test 2 taAssigned:  1
Comparing Section 1 to Test 1 enrollmentCap:  0
Comparing Section 1 to Test 4 enrollmentCap:  -1
Comparing Section 2 to Test 3 enrollmentCap:  1
Comparing Section 1 to Test 1 currentEnrollment:  0
Comparing Section 1 to Test 4 currentEnrollment:  -1
Comparing Section 2 to Test 3 currentEnrollment:  1
Comparing Section 1 to Test 3 numberOfLA:  0
Comparing Section 1 to Test 1 numberOfLA:  -1
Comparing Section 1 to Test 1 numberOfLA:  1
Comparing Section 1 to Test 3 numberOfTA:  0
Comparing Section 1 to Test 1 numberOfTA:  -1
Comparing Section 1 to Test 1 numberOfTA:  1
]]></system-out>
  <system-err><![CDATA[]]></system-err>
</testsuite>
