<?xml version="1.0" encoding="UTF-8" ?>
<testsuites>
  <testsuite errors="0" failures="0" hostname="wifi-roaming-128-4-108-130.host.udel.edu" id="0" name="AssignmentTest" package="edu.udel.cis.taschd.assign" skipped="0" tests="5" time="0.414" timestamp="2018-12-07T19:56:33">
      <properties>
[...]
</properties>

      <testcase classname="edu.udel.cis.taschd.assign.AssignmentTest" name="test1" time="0.002" />

      <testcase classname="edu.udel.cis.taschd.assign.AssignmentTest" name="test2" time="0.0" />

      <testcase classname="edu.udel.cis.taschd.assign.AssignmentTest" name="test3" time="0.0" />

      <testcase classname="edu.udel.cis.taschd.assign.AssignmentTest" name="test4" time="0.0" />

      <testcase classname="edu.udel.cis.taschd.assign.AssignmentTest" name="test5" time="0.0" />

      <system-out><![CDATA[]]></system-out>

      <system-err><![CDATA[]]></system-err>

  </testsuite>
  <testsuite errors="0" failures="0" hostname="wifi-roaming-128-4-108-130.host.udel.edu" id="1" name="CourseAssistantPoolTest" package="edu.udel.cis.taschd.ca" skipped="0" tests="5" time="0.028" timestamp="2018-12-07T19:56:33">
      <properties>
[...]
</properties>

      <testcase classname="edu.udel.cis.taschd.ca.CourseAssistantPoolTest" name="getSizeTest" time="0.011" />

      <testcase classname="edu.udel.cis.taschd.ca.CourseAssistantPoolTest" name="addCourseAssistantTest" time="0.003" />

      <testcase classname="edu.udel.cis.taschd.ca.CourseAssistantPoolTest" name="removeCourseAssistantById" time="0.001" />

      <testcase classname="edu.udel.cis.taschd.ca.CourseAssistantPoolTest" name="findCourseAssistantByNameTest" time="0.001" />

      <testcase classname="edu.udel.cis.taschd.ca.CourseAssistantPoolTest" name="findCourseAssistantById" time="0.001" />

      <system-out><![CDATA[Liu, Yi (888888888)
D, Mike (999999999)
Lenon, John (111111111)
Liu, Yi (888888888)
D, Mike (999999999)
Lenon, John (111111111)
------------------
Before Add
------
Name:     Mike D
ID #:     999999999
Email:    md@udel.edu
Schedule: 
Skills:   
Load:     0
------
Name:     Yi Liu
ID #:     888888888
Email:    y@udel.edu
Schedule: Tue 11:15–12:30; Thu 11:15–12:30
Skills:   Java, Javascript, Python, Matlab
Load:     0
Before After Add
------
Name:     Mike D
ID #:     999999999
Email:    md@udel.edu
Schedule: 
Skills:   
Load:     0
------
Name:     John Lenon
ID #:     111111111
Email:    JL@udel.edu
Schedule: 
Skills:   Java, Python, Matlab
Load:     0
------
Name:     Yi Liu
ID #:     888888888
Email:    y@udel.edu
Schedule: Tue 11:15–12:30; Thu 11:15–12:30
Skills:   Java, Javascript, Python, Matlab
Load:     0
------------------
Liu, Yi (888888888)
D, Mike (999999999)
Lenon, John (111111111)
Lenon, John (111111111)
No specified student with this Id in this list.
Lenon, John (111111111)
]]></system-out>

      <system-err><![CDATA[]]></system-err>

  </testsuite>
  <testsuite errors="0" failures="0" hostname="wifi-roaming-128-4-108-130.host.udel.edu" id="2" name="CourseAssistantTest" package="edu.udel.cis.taschd.ca" skipped="0" tests="18" time="0.06" timestamp="2018-12-07T19:56:33">
      <properties>
[...]
</properties>

      <testcase classname="edu.udel.cis.taschd.ca.CourseAssistantTest" name="testCompareFirstName" time="0.001" />

      <testcase classname="edu.udel.cis.taschd.ca.CourseAssistantTest" name="testGetId" time="0.001" />

      <testcase classname="edu.udel.cis.taschd.ca.CourseAssistantTest" name="testgetId" time="0.001" />

      <testcase classname="edu.udel.cis.taschd.ca.CourseAssistantTest" name="testGetCourseEnrolled" time="0.001" />

      <testcase classname="edu.udel.cis.taschd.ca.CourseAssistantTest" name="testToString" time="0.0" />

      <testcase classname="edu.udel.cis.taschd.ca.CourseAssistantTest" name="testCompareId" time="0.001" />

      <testcase classname="edu.udel.cis.taschd.ca.CourseAssistantTest" name="testCompareTo" time="0.001" />

      <testcase classname="edu.udel.cis.taschd.ca.CourseAssistantTest" name="testGetWtps" time="0.0" />

      <testcase classname="edu.udel.cis.taschd.ca.CourseAssistantTest" name="testCompareLastName" time="0.0" />

      <testcase classname="edu.udel.cis.taschd.ca.CourseAssistantTest" name="testGetLastName" time="0.001" />

      <testcase classname="edu.udel.cis.taschd.ca.CourseAssistantTest" name="testGetEmailAddress" time="0.001" />

      <testcase classname="edu.udel.cis.taschd.ca.CourseAssistantTest" name="testGetPossessedSkillset" time="0.0" />

      <testcase classname="edu.udel.cis.taschd.ca.CourseAssistantTest" name="testGetSetCourseLoad" time="0.0" />

      <testcase classname="edu.udel.cis.taschd.ca.CourseAssistantTest" name="testHashCode" time="0.003" />

      <testcase classname="edu.udel.cis.taschd.ca.CourseAssistantTest" name="testGetFirstName" time="0.001" />

      <testcase classname="edu.udel.cis.taschd.ca.CourseAssistantTest" name="testDisplay" time="0.002" />

      <testcase classname="edu.udel.cis.taschd.ca.CourseAssistantTest" name="testEquals" time="0.0" />

      <testcase classname="edu.udel.cis.taschd.ca.CourseAssistantTest" name="testGetGraduateStudent" time="0.0" />

      <system-out><![CDATA[------
Name:     Yi Liu
ID #:     888888888
Email:    y@udel.edu
Schedule: Tue 11:15–12:30; Thu 11:15–12:30
Skills:   Java, Javascript, Python, Matlab
Load:     0
------
Name:     Mike D
ID #:     999999999
Email:    md@udel.edu
Schedule: 
Skills:   
Load:     0
]]></system-out>

      <system-err><![CDATA[]]></system-err>

  </testsuite>
  <testsuite errors="0" failures="0" hostname="wifi-roaming-128-4-108-130.host.udel.edu" id="3" name="CourseInstancePoolTest" package="edu.udel.cis.taschd.course" skipped="0" tests="1" time="0.009" timestamp="2018-12-07T19:56:33">
      <properties>
[...]
</properties>

      <testcase classname="edu.udel.cis.taschd.course.CourseInstancePoolTest" name="testFindCourseInstanceByInstructor" time="0.003" />

      <system-out><![CDATA[[CISC 675 - 010 020L, CISC 675 - 010 020L]
[CISC 642 - 010]
]]></system-out>

      <system-err><![CDATA[]]></system-err>

  </testsuite>
  <testsuite errors="0" failures="0" hostname="wifi-roaming-128-4-108-130.host.udel.edu" id="4" name="CourseInstanceTest" package="edu.udel.cis.taschd.course" skipped="0" tests="7" time="0.014" timestamp="2018-12-07T19:56:33">
      <properties>
[...]
</properties>

      <testcase classname="edu.udel.cis.taschd.course.CourseInstanceTest" name="testGetSections" time="0.001" />

      <testcase classname="edu.udel.cis.taschd.course.CourseInstanceTest" name="testCourseInstance" time="0.0" />

      <testcase classname="edu.udel.cis.taschd.course.CourseInstanceTest" name="testToString" time="0.0" />

      <testcase classname="edu.udel.cis.taschd.course.CourseInstanceTest" name="testGetTerm" time="0.001" />

      <testcase classname="edu.udel.cis.taschd.course.CourseInstanceTest" name="testIsHasLab" time="0.0" />

      <testcase classname="edu.udel.cis.taschd.course.CourseInstanceTest" name="testGetCourse" time="0.0" />

      <testcase classname="edu.udel.cis.taschd.course.CourseInstanceTest" name="testDisplay" time="0.001" />

      <system-out><![CDATA[CISC 681 - 010
CISC 637 - 010
CISC 675 - 010 020L
CISC 642 - 010
CISC 675 - 010 020L
Course Instance 1 has lab? true
CISC 675
------
Course Information:
CISC 675 Software Engineering
Skills Required - Java, C++

Section Information (Term 2191):
010, 11 of 20, Tue 11:15–12:30; Thu 11:15–12:30, MDH216, Siegel,Stephen
020L, 11 of 35, Wed 16:40–17:55, BRL205, Siegel,Stephen
------
Course Information:
CISC 642 Intro to Computer Vision
Skills Required - Python

Section Information (Term 2198):
010, 19 of 20, Tue 15:30–16:45; Thu 15:30–16:45, MEM110, Kambhamettu,Chandra
]]></system-out>

      <system-err><![CDATA[]]></system-err>

  </testsuite>
  <testsuite errors="0" failures="0" hostname="wifi-roaming-128-4-108-130.host.udel.edu" id="5" name="CourseTest" package="edu.udel.cis.taschd.course" skipped="0" tests="12" time="0.019" timestamp="2018-12-07T19:56:33">
      <properties>
[...]
</properties>

      <testcase classname="edu.udel.cis.taschd.course.CourseTest" name="testToString" time="0.0" />

      <testcase classname="edu.udel.cis.taschd.course.CourseTest" name="testCompareTo" time="0.001" />

      <testcase classname="edu.udel.cis.taschd.course.CourseTest" name="testGetCourseCode" time="0.001" />

      <testcase classname="edu.udel.cis.taschd.course.CourseTest" name="testGetCourseName" time="0.001" />

      <testcase classname="edu.udel.cis.taschd.course.CourseTest" name="testEqualsObject" time="0.0" />

      <testcase classname="edu.udel.cis.taschd.course.CourseTest" name="testCompareCourseCode" time="0.0" />

      <testcase classname="edu.udel.cis.taschd.course.CourseTest" name="testCompareCourseName" time="0.0" />

      <testcase classname="edu.udel.cis.taschd.course.CourseTest" name="testComparePrefix" time="0.0" />

      <testcase classname="edu.udel.cis.taschd.course.CourseTest" name="testHashCode" time="0.0" />

      <testcase classname="edu.udel.cis.taschd.course.CourseTest" name="testDisplay" time="0.0" />

      <testcase classname="edu.udel.cis.taschd.course.CourseTest" name="testGetPrefix" time="0.0" />

      <testcase classname="edu.udel.cis.taschd.course.CourseTest" name="testGetSkills" time="0.001" />

      <system-out><![CDATA[C1 Course Code: 675
C1 Course Name: Software Engineering
Equals c1 == test1:  true
Equals c1 == test2:  false
Comparing c1 to test1 courseCode:  0
Comparing c1 to test4 courseCode:  -1
Comparing c1 to test2 courseCode:  1
Comparing c1 to test1 courseName:  0
Comparing c1 to test5 courseName:  -1
Comparing c1 to test6 courseName:  1
Comparing c1 to c2 prefix:  0
Comparing c1 to test prefix:  -1
Comparing c1 to test2 prefix:  1
C1 Hash Code: 1274514379
C2 Hash Code: -1846213237
------
Course Information:
CISC 675 Software Engineering
Skills Required - Java, Javascript, Python
------
Course Information:
CISC 642 Intro to Computer Vision
Skills Required - CSS, Perl, HTML
C1 Prefix: CISC
C1 Skills: Java, Javascript, Python
C2 Skills: CSS, Perl, HTML
]]></system-out>

      <system-err><![CDATA[]]></system-err>

  </testsuite>
  <testsuite errors="0" failures="0" hostname="wifi-roaming-128-4-108-130.host.udel.edu" id="6" name="SectionTest" package="edu.udel.cis.taschd.course" skipped="0" tests="27" time="0.04" timestamp="2018-12-07T19:56:33">
      <properties>
[...]
</properties>

      <testcase classname="edu.udel.cis.taschd.course.SectionTest" name="testIsTaAssigned" time="0.0" />

      <testcase classname="edu.udel.cis.taschd.course.SectionTest" name="testGetNumOfLA" time="0.0" />

      <testcase classname="edu.udel.cis.taschd.course.SectionTest" name="testGetNumOfTA" time="0.0" />

      <testcase classname="edu.udel.cis.taschd.course.SectionTest" name="testCompareInstructorName" time="0.0" />

      <testcase classname="edu.udel.cis.taschd.course.SectionTest" name="testGetSectionType" time="0.001" />

      <testcase classname="edu.udel.cis.taschd.course.SectionTest" name="testCompareLocation" time="0.0" />

      <testcase classname="edu.udel.cis.taschd.course.SectionTest" name="testGetEnrollmentCap" time="0.0" />

      <testcase classname="edu.udel.cis.taschd.course.SectionTest" name="testCompareSectionNumber" time="0.0" />

      <testcase classname="edu.udel.cis.taschd.course.SectionTest" name="testCompareMTAC" time="0.0" />

      <testcase classname="edu.udel.cis.taschd.course.SectionTest" name="testToString" time="0.0" />

      <testcase classname="edu.udel.cis.taschd.course.SectionTest" name="testGetLocation" time="0.0" />

      <testcase classname="edu.udel.cis.taschd.course.SectionTest" name="testCompareTo" time="0.001" />

      <testcase classname="edu.udel.cis.taschd.course.SectionTest" name="testGetInstructorName" time="0.0" />

      <testcase classname="edu.udel.cis.taschd.course.SectionTest" name="testEqualsObject" time="0.0" />

      <testcase classname="edu.udel.cis.taschd.course.SectionTest" name="testGetSectionNumber" time="0.0" />

      <testcase classname="edu.udel.cis.taschd.course.SectionTest" name="testSetSchedule" time="0.001" />

      <testcase classname="edu.udel.cis.taschd.course.SectionTest" name="testGetSchedule" time="0.0" />

      <testcase classname="edu.udel.cis.taschd.course.SectionTest" name="testHashCode" time="0.0" />

      <testcase classname="edu.udel.cis.taschd.course.SectionTest" name="testGetCurrentEnrollment" time="0.0" />

      <testcase classname="edu.udel.cis.taschd.course.SectionTest" name="testDisplay" time="0.001" />

      <testcase classname="edu.udel.cis.taschd.course.SectionTest" name="testCompareSectionType" time="0.0" />

      <testcase classname="edu.udel.cis.taschd.course.SectionTest" name="testIsMtac" time="0.001" />

      <testcase classname="edu.udel.cis.taschd.course.SectionTest" name="testCompareTaAssigned" time="0.0" />

      <testcase classname="edu.udel.cis.taschd.course.SectionTest" name="testCompareEnrollmentCap" time="0.001" />

      <testcase classname="edu.udel.cis.taschd.course.SectionTest" name="testCompareCurrentEnrollment" time="0.0" />

      <testcase classname="edu.udel.cis.taschd.course.SectionTest" name="testCompareNumberOfLA" time="0.0" />

      <testcase classname="edu.udel.cis.taschd.course.SectionTest" name="testCompareNumberOfTA" time="0.001" />

      <system-out><![CDATA[Comparing Section 1 to Test 1 instructorName:  0
Comparing Section 1 to Test 4 instructorName:  -1
Comparing Section 2 to Test 3 instructorName:  1
Comparing Section 1 to Test 1 location:  0
Comparing Section 1 to Test 4 location:  -1
Comparing Section 2 to Test 3 location:  1
Comparing Section 1 to Test 1 sectionNumber:  0
Comparing Section 1 to Test 2 sectionNumber:  -1
Comparing Section 2 to Test 1 sectionNumber:  1
Comparing Section 1 to Test 1 mtac:  0
Comparing Section 2 to Test 1 mtac:  -1
Comparing Section 1 to Test 2 mtac:  1
010 - Siegel,Stephen
Siegel,Stephen
Equals c1 == test1:  true
Equals c1 == test2:  false
Section 1 Hash Code: -1852215236
Section 2 Hash Code: -1186543515
010, 11 of 20, Tue 11:15–12:30; Thu 11:15–12:30, MDH216, Siegel,Stephen
Comparing Section 1 to Test 1 sectionType:  0
Comparing Section 1 to Test 2 sectionType:  -1
Comparing Section 2 to Test 1 sectionType:  1
010 - Siegel,Stephen
Comparing Section 1 to Test 1 taAssigned:  0
Comparing Section 2 to Test 1 taAssigned:  -1
Comparing Section 1 to Test 2 taAssigned:  1
Comparing Section 1 to Test 1 enrollmentCap:  0
Comparing Section 1 to Test 4 enrollmentCap:  -1
Comparing Section 2 to Test 3 enrollmentCap:  1
Comparing Section 1 to Test 1 currentEnrollment:  0
Comparing Section 1 to Test 4 currentEnrollment:  -1
Comparing Section 2 to Test 3 currentEnrollment:  1
Comparing Section 1 to Test 3 numberOfLA:  0
Comparing Section 1 to Test 1 numberOfLA:  -1
Comparing Section 1 to Test 1 numberOfLA:  1
Comparing Section 1 to Test 3 numberOfTA:  0
Comparing Section 1 to Test 1 numberOfTA:  -1
Comparing Section 1 to Test 1 numberOfTA:  1
]]></system-out>

      <system-err><![CDATA[]]></system-err>

  </testsuite>
  <testsuite errors="0" failures="0" hostname="wifi-roaming-128-4-108-130.host.udel.edu" id="7" name="CAScheduleExtractorTest" package="edu.udel.cis.taschd.extract" skipped="0" tests="2" time="0.061" timestamp="2018-12-07T19:56:34">
      <properties>
[...]
</properties>

      <testcase classname="edu.udel.cis.taschd.extract.CAScheduleExtractorTest" name="CASExtractorArgsTest" time="0.057" />

      <testcase classname="edu.udel.cis.taschd.extract.CAScheduleExtractorTest" name="CASExtractorEmptyArgsTest" time="0.0" />

      <system-out><![CDATA[null, null (702425216)
CISC 675 - 010LEC
CISC 882 - 010LEC
CISC 662 - 010LEC
************** CASExtractorTest Complete ***************
Source should be Web, only Web extraction is implemented in this phase
User Credentials provided is empty
CA IDs provided is empty
Term value provided is empty
************** CASExtractorEmptyArgsTest Complete ***************
]]></system-out>

      <system-err><![CDATA[]]></system-err>

  </testsuite>
  <testsuite errors="0" failures="0" hostname="wifi-roaming-128-4-108-130.host.udel.edu" id="8" name="CourseScheduleExtractorTest" package="edu.udel.cis.taschd.extract" skipped="0" tests="3" time="17.448" timestamp="2018-12-07T19:56:34">
      <properties>
[...]
</properties>

      <testcase classname="edu.udel.cis.taschd.extract.CourseScheduleExtractorTest" name="CSExtractorTest" time="9.898" />

      <testcase classname="edu.udel.cis.taschd.extract.CourseScheduleExtractorTest" name="CSAllCoursesExtractorTest" time="7.544" />

      <testcase classname="edu.udel.cis.taschd.extract.CourseScheduleExtractorTest" name="CSExtractorEmptyArgsTest" time="0.003" />

      <system-out><![CDATA[[CISC 675 - 020LAB 010LEC]
[CISC 681 - 010LEC]
********************** CSExtractorTest Complete *************************
57 Courses are returned for key CISC in term 2193
******************* CSAllCoursesExtractorTest Complete *******************
Course Key provided is empty
Term value provided is empty
Source should be Web, only Web extraction is implemented in this phase
******************* CSExtractorEmptyArgsTest Complete *******************
]]></system-out>

      <system-err><![CDATA[java.lang.instrument.IllegalClassFormatException: Error while instrumenting com/gargoylesoftware/css/parser/javacc/CSS3ParserTokenManager.
	at org.jacoco.agent.rt.internal_290345e.CoverageTransformer.transform(CoverageTransformer.java:93)
	at sun.instrument.TransformerManager.transform(TransformerManager.java:188)
	at sun.instrument.InstrumentationImpl.transform(InstrumentationImpl.java:428)
	at java.lang.ClassLoader.defineClass1(Native Method)
	at java.lang.ClassLoader.defineClass(ClassLoader.java:763)
	at java.security.SecureClassLoader.defineClass(SecureClassLoader.java:142)
	at java.net.URLClassLoader.defineClass(URLClassLoader.java:467)
	at java.net.URLClassLoader.access$100(URLClassLoader.java:73)
	at java.net.URLClassLoader$1.run(URLClassLoader.java:368)
	at java.net.URLClassLoader$1.run(URLClassLoader.java:362)
	at java.security.AccessController.doPrivileged(Native Method)
	at java.net.URLClassLoader.findClass(URLClassLoader.java:361)
	at java.lang.ClassLoader.loadClass(ClassLoader.java:424)
	at sun.misc.Launcher$AppClassLoader.loadClass(Launcher.java:338)
	at java.lang.ClassLoader.loadClass(ClassLoader.java:357)
	at com.gargoylesoftware.css.parser.javacc.CSS3Parser.<init>(CSS3Parser.java:3148)
	at com.gargoylesoftware.css.parser.javacc.CSS3Parser.<init>(CSS3Parser.java:52)
	at com.gargoylesoftware.htmlunit.javascript.host.css.CSSStyleSheet.parseCSS(CSSStyleSheet.java:864)
	at com.gargoylesoftware.htmlunit.javascript.host.css.CSSStyleSheet.<init>(CSSStyleSheet.java:204)
	at com.gargoylesoftware.htmlunit.javascript.host.css.CSSStyleSheet.loadStylesheet(CSSStyleSheet.java:320)
	at com.gargoylesoftware.htmlunit.html.HtmlLink$1.execute(HtmlLink.java:288)
	at com.gargoylesoftware.htmlunit.html.HtmlLink.onAllChildrenAddedToPage(HtmlLink.java:298)
	at com.gargoylesoftware.htmlunit.html.HTMLParser$HtmlUnitDOMBuilder.endElement(HTMLParser.java:802)
	at org.apache.xerces.parsers.AbstractSAXParser.endElement(Unknown Source)
	at com.gargoylesoftware.htmlunit.html.HTMLParser$HtmlUnitDOMBuilder.endElement(HTMLParser.java:758)
	at org.apache.xerces.parsers.AbstractXMLDocumentParser.emptyElement(Unknown Source)
	at net.sourceforge.htmlunit.cyberneko.HTMLTagBalancer.startElement(HTMLTagBalancer.java:781)
	at net.sourceforge.htmlunit.cyberneko.HTMLTagBalancer.emptyElement(HTMLTagBalancer.java:829)
	at net.sourceforge.htmlunit.cyberneko.filters.DefaultFilter.emptyElement(DefaultFilter.java:151)
	at net.sourceforge.htmlunit.cyberneko.filters.NamespaceBinder.emptyElement(NamespaceBinder.java:295)
	at net.sourceforge.htmlunit.cyberneko.HTMLScanner$ContentScanner.scanStartElement(HTMLScanner.java:2811)
	at net.sourceforge.htmlunit.cyberneko.HTMLScanner$ContentScanner.scan(HTMLScanner.java:2149)
	at net.sourceforge.htmlunit.cyberneko.HTMLScanner.scanDocument(HTMLScanner.java:939)
	at net.sourceforge.htmlunit.cyberneko.HTMLConfiguration.parse(HTMLConfiguration.java:452)
	at net.sourceforge.htmlunit.cyberneko.HTMLConfiguration.parse(HTMLConfiguration.java:403)
	at org.apache.xerces.parsers.XMLParser.parse(Unknown Source)
	at com.gargoylesoftware.htmlunit.html.HTMLParser$HtmlUnitDOMBuilder.parse(HTMLParser.java:1001)
	at com.gargoylesoftware.htmlunit.html.HTMLParser.parse(HTMLParser.java:250)
	at com.gargoylesoftware.htmlunit.html.HTMLParser.parseHtml(HTMLParser.java:196)
	at com.gargoylesoftware.htmlunit.DefaultPageCreator.createHtmlPage(DefaultPageCreator.java:267)
	at com.gargoylesoftware.htmlunit.DefaultPageCreator.createPage(DefaultPageCreator.java:158)
	at com.gargoylesoftware.htmlunit.WebClient.loadWebResponseInto(WebClient.java:531)
	at com.gargoylesoftware.htmlunit.WebClient.getPage(WebClient.java:398)
	at com.gargoylesoftware.htmlunit.WebClient.getPage(WebClient.java:315)
	at com.gargoylesoftware.htmlunit.WebClient.getPage(WebClient.java:466)
	at com.gargoylesoftware.htmlunit.WebClient.getPage(WebClient.java:448)
	at edu.udel.cis.taschd.extract.CourseScheduleExtractor.getCourseScheduleWeb(CourseScheduleExtractor.java:205)
	at edu.udel.cis.taschd.extract.CourseScheduleExtractor.<init>(CourseScheduleExtractor.java:69)
	at edu.udel.cis.taschd.extract.CourseScheduleExtractorTest.CSExtractorTest(CourseScheduleExtractorTest.java:35)
	at sun.reflect.NativeMethodAccessorImpl.invoke0(Native Method)
	at sun.reflect.NativeMethodAccessorImpl.invoke(NativeMethodAccessorImpl.java:62)
	at sun.reflect.DelegatingMethodAccessorImpl.invoke(DelegatingMethodAccessorImpl.java:43)
	at java.lang.reflect.Method.invoke(Method.java:498)
	at org.junit.runners.model.FrameworkMethod$1.runReflectiveCall(FrameworkMethod.java:50)
	at org.junit.internal.runners.model.ReflectiveCallable.run(ReflectiveCallable.java:12)
	at org.junit.runners.model.FrameworkMethod.invokeExplosively(FrameworkMethod.java:47)
	at org.junit.internal.runners.statements.InvokeMethod.evaluate(InvokeMethod.java:17)
	at org.junit.runners.ParentRunner.runLeaf(ParentRunner.java:325)
	at org.junit.runners.BlockJUnit4ClassRunner.runChild(BlockJUnit4ClassRunner.java:78)
	at org.junit.runners.BlockJUnit4ClassRunner.runChild(BlockJUnit4ClassRunner.java:57)
	at org.junit.runners.ParentRunner$3.run(ParentRunner.java:290)
	at org.junit.runners.ParentRunner$1.schedule(ParentRunner.java:71)
	at org.junit.runners.ParentRunner.runChildren(ParentRunner.java:288)
	at org.junit.runners.ParentRunner.access$000(ParentRunner.java:58)
	at org.junit.runners.ParentRunner$2.evaluate(ParentRunner.java:268)
	at org.junit.runners.ParentRunner.run(ParentRunner.java:363)
	at junit.framework.JUnit4TestAdapter.run(JUnit4TestAdapter.java:38)
	at org.apache.tools.ant.taskdefs.optional.junit.JUnitTestRunner.run(JUnitTestRunner.java:534)
	at org.apache.tools.ant.taskdefs.optional.junit.JUnitTestRunner.launch(JUnitTestRunner.java:1196)
	at org.apache.tools.ant.taskdefs.optional.junit.JUnitTestRunner.main(JUnitTestRunner.java:1014)
Caused by: java.io.IOException: Error while instrumenting com/gargoylesoftware/css/parser/javacc/CSS3ParserTokenManager.
	at org.jacoco.agent.rt.internal_290345e.core.instr.Instrumenter.instrumentError(Instrumenter.java:160)
	at org.jacoco.agent.rt.internal_290345e.core.instr.Instrumenter.instrument(Instrumenter.java:110)
	at org.jacoco.agent.rt.internal_290345e.CoverageTransformer.transform(CoverageTransformer.java:91)
	... 69 more
Caused by: java.lang.RuntimeException: Method code too large!
	at org.jacoco.agent.rt.internal_290345e.asm.MethodWriter.getSize(MethodWriter.java:2059)
	at org.jacoco.agent.rt.internal_290345e.asm.ClassWriter.toByteArray(ClassWriter.java:861)
	at org.jacoco.agent.rt.internal_290345e.core.instr.Instrumenter.instrument(Instrumenter.java:91)
	at org.jacoco.agent.rt.internal_290345e.core.instr.Instrumenter.instrument(Instrumenter.java:108)
	... 70 more
]]></system-err>

  </testsuite>
  <testsuite errors="0" failures="0" hostname="wifi-roaming-128-4-108-130.host.udel.edu" id="9" name="AssignTest" package="edu.udel.cis.taschd.gen" skipped="0" tests="1" time="0.005" timestamp="2018-12-07T19:56:51">
      <properties>
[...]
</properties>

      <testcase classname="edu.udel.cis.taschd.gen.AssignTest" name="hungarianAssignTest" time="0.0" />

      <system-out><![CDATA[]]></system-out>

      <system-err><![CDATA[]]></system-err>

  </testsuite>
  <testsuite errors="0" failures="0" hostname="wifi-roaming-128-4-108-130.host.udel.edu" id="10" name="GenerateAssignmentTest" package="edu.udel.cis.taschd.gen" skipped="0" tests="1" time="0.083" timestamp="2018-12-07T19:56:51">
      <properties>
[...]
</properties>

      <testcase classname="edu.udel.cis.taschd.gen.GenerateAssignmentTest" name="test" time="0.065" />

      <system-out><![CDATA[Course Assistant Pool

------
Name:     Bill Clinton
ID #:     4445556
Email:    billclinton@udel.edu
Schedule: Tue 14:00–15:15, 15:30–16:45, 17:00–18:15; Thu 14:00–15:15, 15:30–16:45, 17:00–18:15
Skills:   Java, Clojure
Load:     0
------
Name:     Donald Duck
ID #:     4582948
Email:    dduck@udel.edu
Schedule: Mon 8:40–9:55; Tue 9:30–10:45, 14:00–15:15, 15:30–16:45; Thu 14:00–15:15; Fri 8:40–9:55, 10:10–12:05
Skills:   
Load:     0
------
Name:     Benjamin Franklin
ID #:     2938405
Email:    bfrank@udel.edu
Schedule: Mon 12:20–13:10, 14:30–15:20; Tue 12:30–13:20; Wed 12:20–13:10, 14:30–15:20; Fri 12:20–13:10, 14:30–15:20
Skills:   OpenCV, ASP.NET, Python
Load:     0
------
Name:     Barack Obama
ID #:     3344556
Email:    yeswecan@udel.edu
Schedule: Tue 14:00–15:15; Thu 14:00–15:15; Fri 11:00–12:15
Skills:   Java, C+, .NET, Swift, Bash, SQL
Load:     0
------
Name:     Denzel Washington
ID #:     1111222
Email:    trainingday@udel.edu
Schedule: Mon 9:05–9:55; Tue 14:00–15:15, 15:30–16:45, 17:20–18:35; Wed 9:05–9:55; Thu 14:00–15:15, 17:20–18:35; Fri 9:05–9:55, 12:20–13:10
Skills:   Java, C, Pel, PHP, Ruby, Python, Fortran
Load:     0

Course Instance Pool

------
Course Information:
CISC 210 Introduction to Systems Programming
Skills Required - C++, C

Section Information (Term 2191):
020L, 20 of 20, Wed 13:25–14:15, PRS101, Silber
021L, 20 of 20, Wed 14:30–15:20, PRS101, Silber
010Lec, 40 of 40, Tue 15:30–16:45; Thu 15:30–16:45, GOR208, Silber
------
Course Information:
CISC 275 Introduction to Software Engineering
Skills Required - Any

Section Information (Term 2191):
010Lec, 33 of 40, Tue 9:30–10:45; Wed 17:00–19:00; Thu 9:30–10:45, GOR117, Harvey
011Lec, 38 of 40, Tue 11:00–12:15; Wed 17:00–19:00; Thu 11:00–12:15, GOR117, Harvey
------
Course Information:
CISC 303 Automata Theory
Skills Required - 601

Section Information (Term 2191):
010Lec, 43 of 45, Mon 10:10–11:00; Wed 10:10–11:00; Fri 10:10–11:00, ALS318, Carberry
------
Course Information:
CISC 304 Logic and Programming
Skills Required - 604

Section Information (Term 2191):
010Lec, 35 of 35, Tue 11:00–12:15; Thu 11:00–12:15, SHL120, Carberry
------
Course Information:
CISC 320 Introduction to Algorithms
Skills Required - 621

Section Information (Term 2191):
010Lec, 35 of 35, Tue 11:00–12:15; Thu 11:00–12:15, SHL120, Carberry
------
Course Information:
CISC 437 Database Systems
Skills Required - 637, SQL

Section Information (Term 2191):
010Lec, 35 of 35, Tue 16:00–17:15; Thu 16:00–17:15, GOR102, Gibbons
010Lec - Carberry = [Franklin, Benjamin (2938405)]
020L - Silber = [Washington, Denzel (1111222)]
010Lec - Gibbons = [Obama, Barack (3344556)]
010Lec - Harvey = [Obama, Barack (3344556)]
010Lec - Carberry = [Clinton, Bill (4445556)]
021L - Silber = [Washington, Denzel (1111222)]
010Lec - Silber = [Washington, Denzel (1111222)]
011Lec - Harvey = [Clinton, Bill (4445556)]
]]></system-out>

      <system-err><![CDATA[]]></system-err>

  </testsuite>
  <testsuite errors="0" failures="0" hostname="wifi-roaming-128-4-108-130.host.udel.edu" id="11" name="ScoreTableTest" package="edu.udel.cis.taschd.gen" skipped="0" tests="2" time="0.068" timestamp="2018-12-07T19:56:51">
      <properties>
[...]
</properties>

      <testcase classname="edu.udel.cis.taschd.gen.ScoreTableTest" name="scoreTableTest" time="0.034" />

      <testcase classname="edu.udel.cis.taschd.gen.ScoreTableTest" name="test" time="0.029" />

      <system-out><![CDATA[--------------------------------------
------------TEST2------------
CISC 675 - 010 020L
CISC 642 - 010
5
2
[010 - Siegel,Stephen, 020L - Siegel,Stephen]
-------------matching:
skill
Java, Javascript, Python
010, 11 of 20, Mon 11:15–12:30; Tue 11:15–12:30; Thu 11:15–12:30, MDH216, Siegel,Stephen
-------
------
Name:     Mike D
ID #:     999999999
Email:    md@udel.edu
Schedule: 
Skills:   Java, Python, Matlab
Load:     0
sk score:0.6666666865348816
time score:1.0
11.333333313465118
________End Matching___________
-------------matching:
skill
Java, Javascript, Python
010, 11 of 20, Mon 11:15–12:30; Tue 11:15–12:30; Thu 11:15–12:30, MDH216, Siegel,Stephen
-------
------
Name:     Yi Liu
ID #:     888888888
Email:    y@udel.edu
Schedule: Tue 11:15–12:30; Thu 11:15–12:30
Skills:   Java, Javascript, Python
Load:     0
sk score:1.0
time score:1.0
1.0
________End Matching___________
-------------matching:
skill
Java, Javascript, Python
010, 11 of 20, Mon 11:15–12:30; Tue 11:15–12:30; Thu 11:15–12:30, MDH216, Siegel,Stephen
-------
------
Name:     J l4
ID #:     111111111
Email:    JL@udel.edu
Schedule: 
Skills:   Java, Python, Matlab
Load:     0
sk score:0.6666666865348816
time score:1.0
1.3333333134651184
________End Matching___________
-------------matching:
skill
Java, Javascript, Python
010, 11 of 20, Mon 11:15–12:30; Tue 11:15–12:30; Thu 11:15–12:30, MDH216, Siegel,Stephen
-------
------
Name:     JJ l46
ID #:     1234567
Email:    JL@udel.edu
Schedule: 
Skills:   Java, Python, Matlab
Load:     0
sk score:0.6666666865348816
time score:1.0
1.3333333134651184
________End Matching___________
-------------matching:
skill
Java, Javascript, Python
010, 11 of 20, Mon 11:15–12:30; Tue 11:15–12:30; Thu 11:15–12:30, MDH216, Siegel,Stephen
-------
------
Name:     F5 l5
ID #:     232333333
Email:    F5@udel.edu
Schedule: 
Skills:   CSS, Perl, HTML
Load:     0
sk score:0.0
time score:1.0
2.0
________End Matching___________
[11.333333313465118, 1.0, 1.3333333134651184, 1.3333333134651184, 2.0]
---------------------------
-------------matching:
skill
Java, Javascript, Python
020L, 11 of 35, , BRL205, Siegel,Stephen
-------
------
Name:     Mike D
ID #:     999999999
Email:    md@udel.edu
Schedule: 
Skills:   Java, Python, Matlab
Load:     0
sk score:0.6666666865348816
time score:1.0
11.333333313465118
________End Matching___________
-------------matching:
skill
Java, Javascript, Python
020L, 11 of 35, , BRL205, Siegel,Stephen
-------
------
Name:     Yi Liu
ID #:     888888888
Email:    y@udel.edu
Schedule: Tue 11:15–12:30; Thu 11:15–12:30
Skills:   Java, Javascript, Python
Load:     0
sk score:1.0
time score:1.0
1.0
________End Matching___________
-------------matching:
skill
Java, Javascript, Python
020L, 11 of 35, , BRL205, Siegel,Stephen
-------
------
Name:     J l4
ID #:     111111111
Email:    JL@udel.edu
Schedule: 
Skills:   Java, Python, Matlab
Load:     0
sk score:0.6666666865348816
time score:1.0
1.3333333134651184
________End Matching___________
-------------matching:
skill
Java, Javascript, Python
020L, 11 of 35, , BRL205, Siegel,Stephen
-------
------
Name:     JJ l46
ID #:     1234567
Email:    JL@udel.edu
Schedule: 
Skills:   Java, Python, Matlab
Load:     0
sk score:0.6666666865348816
time score:1.0
1.3333333134651184
________End Matching___________
-------------matching:
skill
Java, Javascript, Python
020L, 11 of 35, , BRL205, Siegel,Stephen
-------
------
Name:     F5 l5
ID #:     232333333
Email:    F5@udel.edu
Schedule: 
Skills:   CSS, Perl, HTML
Load:     0
sk score:0.0
time score:1.0
2.0
________End Matching___________
[11.333333313465118, 1.0, 1.3333333134651184, 1.3333333134651184, 2.0]
---------------------------
-------------matching:
skill
CSS, Perl, HTML
010, 19 of 20, Mon 11:15–12:30; Tue 11:15–12:30, MEM110, Kambhamettu,Chandra
-------
------
Name:     Mike D
ID #:     999999999
Email:    md@udel.edu
Schedule: 
Skills:   Java, Python, Matlab
Load:     0
sk score:0.0
time score:1.0
12.0
________End Matching___________
-------------matching:
skill
CSS, Perl, HTML
010, 19 of 20, Mon 11:15–12:30; Tue 11:15–12:30, MEM110, Kambhamettu,Chandra
-------
------
Name:     Yi Liu
ID #:     888888888
Email:    y@udel.edu
Schedule: Tue 11:15–12:30; Thu 11:15–12:30
Skills:   Java, Javascript, Python
Load:     0
sk score:0.0
time score:1.0
2.0
________End Matching___________
-------------matching:
skill
CSS, Perl, HTML
010, 19 of 20, Mon 11:15–12:30; Tue 11:15–12:30, MEM110, Kambhamettu,Chandra
-------
------
Name:     J l4
ID #:     111111111
Email:    JL@udel.edu
Schedule: 
Skills:   Java, Python, Matlab
Load:     0
sk score:0.0
time score:1.0
2.0
________End Matching___________
-------------matching:
skill
CSS, Perl, HTML
010, 19 of 20, Mon 11:15–12:30; Tue 11:15–12:30, MEM110, Kambhamettu,Chandra
-------
------
Name:     JJ l46
ID #:     1234567
Email:    JL@udel.edu
Schedule: 
Skills:   Java, Python, Matlab
Load:     0
sk score:0.0
time score:1.0
2.0
________End Matching___________
-------------matching:
skill
CSS, Perl, HTML
010, 19 of 20, Mon 11:15–12:30; Tue 11:15–12:30, MEM110, Kambhamettu,Chandra
-------
------
Name:     F5 l5
ID #:     232333333
Email:    F5@udel.edu
Schedule: 
Skills:   CSS, Perl, HTML
Load:     0
sk score:1.0
time score:1.0
1.0
________End Matching___________
[12.0, 2.0, 2.0, 2.0, 1.0]
---------------------------
[[11.333333313465118, 1.0, 1.3333333134651184, 1.3333333134651184, 2.0], [11.333333313465118, 1.0, 1.3333333134651184, 1.3333333134651184, 2.0], [12.0, 2.0, 2.0, 2.0, 1.0]]
5
[11.333333313465118, 1.0, 1.3333333134651184, 1.3333333134651184, 2.0]
[11.333333313465118, 1.0, 1.3333333134651184, 1.3333333134651184, 2.0]
[12.0, 2.0, 2.0, 2.0, 1.0]
[0.0, 0.0, 0.0, 0.0, 0.0]
[0.0, 0.0, 0.0, 0.0, 0.0]
Bipartite Matching: [1, 3, 4, 0, 2]
Course Assistant Pool

------
Name:     Bill Clinton
ID #:     4445556
Email:    billclinton@udel.edu
Schedule: Tue 14:00–15:15, 15:30–16:45, 17:00–18:15; Thu 14:00–15:15, 15:30–16:45, 17:00–18:15
Skills:   Java, Clojure
Load:     0
------
Name:     Donald Duck
ID #:     4582948
Email:    dduck@udel.edu
Schedule: Mon 8:40–9:55; Tue 9:30–10:45, 14:00–15:15, 15:30–16:45; Thu 14:00–15:15; Fri 8:40–9:55, 10:10–12:05
Skills:   
Load:     0
------
Name:     Benjamin Franklin
ID #:     2938405
Email:    bfrank@udel.edu
Schedule: Mon 12:20–13:10, 14:30–15:20; Tue 12:30–13:20; Wed 12:20–13:10, 14:30–15:20; Fri 12:20–13:10, 14:30–15:20
Skills:   OpenCV, ASP.NET, Python
Load:     0
------
Name:     Barack Obama
ID #:     3344556
Email:    yeswecan@udel.edu
Schedule: Tue 14:00–15:15; Thu 14:00–15:15; Fri 11:00–12:15
Skills:   Java, C+, .NET, Swift, Bash, SQL
Load:     0
------
Name:     Denzel Washington
ID #:     1111222
Email:    trainingday@udel.edu
Schedule: Mon 9:05–9:55; Tue 14:00–15:15, 15:30–16:45, 17:20–18:35; Wed 9:05–9:55; Thu 14:00–15:15, 17:20–18:35; Fri 9:05–9:55, 12:20–13:10
Skills:   Java, C, Pel, PHP, Ruby, Python, Fortran
Load:     0

Course Instance Pool

------
Course Information:
CISC 210 Introduction to Systems Programming
Skills Required - C++, C

Section Information (Term 2191):
020L, 20 of 20, Wed 13:25–14:15, PRS101, Silber
021L, 20 of 20, Wed 14:30–15:20, PRS101, Silber
010Lec, 40 of 40, Tue 15:30–16:45; Thu 15:30–16:45, GOR208, Silber
------
Course Information:
CISC 275 Introduction to Software Engineering
Skills Required - Any

Section Information (Term 2191):
010Lec, 33 of 40, Tue 9:30–10:45; Wed 17:00–19:00; Thu 9:30–10:45, GOR117, Harvey
011Lec, 38 of 40, Tue 11:00–12:15; Wed 17:00–19:00; Thu 11:00–12:15, GOR117, Harvey
------
Course Information:
CISC 303 Automata Theory
Skills Required - 601

Section Information (Term 2191):
010Lec, 43 of 45, Mon 10:10–11:00; Wed 10:10–11:00; Fri 10:10–11:00, ALS318, Carberry
------
Course Information:
CISC 304 Logic and Programming
Skills Required - 604

Section Information (Term 2191):
010Lec, 35 of 35, Tue 11:00–12:15; Thu 11:00–12:15, SHL120, Carberry
------
Course Information:
CISC 320 Introduction to Algorithms
Skills Required - 621

Section Information (Term 2191):
010Lec, 35 of 35, Tue 11:00–12:15; Thu 11:00–12:15, SHL120, Carberry
------
Course Information:
CISC 437 Database Systems
Skills Required - 637, SQL

Section Information (Term 2191):
010Lec, 35 of 35, Tue 16:00–17:15; Thu 16:00–17:15, GOR102, Gibbons
-------------matching:
skill
C++, C
020L, 20 of 20, Wed 13:25–14:15, PRS101, Silber
-------
------
Name:     Bill Clinton
ID #:     4445556
Email:    billclinton@udel.edu
Schedule: Tue 14:00–15:15, 15:30–16:45, 17:00–18:15; Thu 14:00–15:15, 15:30–16:45, 17:00–18:15
Skills:   Java, Clojure
Load:     0
sk score:0.0
time score:1.0
2.0
________End Matching___________
-------------matching:
skill
C++, C
020L, 20 of 20, Wed 13:25–14:15, PRS101, Silber
-------
------
Name:     Donald Duck
ID #:     4582948
Email:    dduck@udel.edu
Schedule: Mon 8:40–9:55; Tue 9:30–10:45, 14:00–15:15, 15:30–16:45; Thu 14:00–15:15; Fri 8:40–9:55, 10:10–12:05
Skills:   
Load:     0
sk score:0.0
time score:1.0
2.0
________End Matching___________
-------------matching:
skill
C++, C
020L, 20 of 20, Wed 13:25–14:15, PRS101, Silber
-------
------
Name:     Benjamin Franklin
ID #:     2938405
Email:    bfrank@udel.edu
Schedule: Mon 12:20–13:10, 14:30–15:20; Tue 12:30–13:20; Wed 12:20–13:10, 14:30–15:20; Fri 12:20–13:10, 14:30–15:20
Skills:   OpenCV, ASP.NET, Python
Load:     0
sk score:0.0
time score:1.0
2.0
________End Matching___________
-------------matching:
skill
C++, C
020L, 20 of 20, Wed 13:25–14:15, PRS101, Silber
-------
------
Name:     Barack Obama
ID #:     3344556
Email:    yeswecan@udel.edu
Schedule: Tue 14:00–15:15; Thu 14:00–15:15; Fri 11:00–12:15
Skills:   Java, C+, .NET, Swift, Bash, SQL
Load:     0
sk score:0.0
time score:1.0
2.0
________End Matching___________
-------------matching:
skill
C++, C
020L, 20 of 20, Wed 13:25–14:15, PRS101, Silber
-------
------
Name:     Denzel Washington
ID #:     1111222
Email:    trainingday@udel.edu
Schedule: Mon 9:05–9:55; Tue 14:00–15:15, 15:30–16:45, 17:20–18:35; Wed 9:05–9:55; Thu 14:00–15:15, 17:20–18:35; Fri 9:05–9:55, 12:20–13:10
Skills:   Java, C, Pel, PHP, Ruby, Python, Fortran
Load:     0
sk score:0.5
time score:1.0
1.5
________End Matching___________
[2.0, 2.0, 2.0, 2.0, 2.0, 2.0, 2.0, 2.0, 1.5, 1.5]
---------------------------
-------------matching:
skill
C++, C
021L, 20 of 20, Wed 14:30–15:20, PRS101, Silber
-------
------
Name:     Bill Clinton
ID #:     4445556
Email:    billclinton@udel.edu
Schedule: Tue 14:00–15:15, 15:30–16:45, 17:00–18:15; Thu 14:00–15:15, 15:30–16:45, 17:00–18:15
Skills:   Java, Clojure
Load:     0
sk score:0.0
time score:1.0
2.0
________End Matching___________
-------------matching:
skill
C++, C
021L, 20 of 20, Wed 14:30–15:20, PRS101, Silber
-------
------
Name:     Donald Duck
ID #:     4582948
Email:    dduck@udel.edu
Schedule: Mon 8:40–9:55; Tue 9:30–10:45, 14:00–15:15, 15:30–16:45; Thu 14:00–15:15; Fri 8:40–9:55, 10:10–12:05
Skills:   
Load:     0
sk score:0.0
time score:1.0
2.0
________End Matching___________
-------------matching:
skill
C++, C
021L, 20 of 20, Wed 14:30–15:20, PRS101, Silber
-------
------
Name:     Benjamin Franklin
ID #:     2938405
Email:    bfrank@udel.edu
Schedule: Mon 12:20–13:10, 14:30–15:20; Tue 12:30–13:20; Wed 12:20–13:10, 14:30–15:20; Fri 12:20–13:10, 14:30–15:20
Skills:   OpenCV, ASP.NET, Python
Load:     0
sk score:0.0
time score:1.0
2.0
________End Matching___________
-------------matching:
skill
C++, C
021L, 20 of 20, Wed 14:30–15:20, PRS101, Silber
-------
------
Name:     Barack Obama
ID #:     3344556
Email:    yeswecan@udel.edu
Schedule: Tue 14:00–15:15; Thu 14:00–15:15; Fri 11:00–12:15
Skills:   Java, C+, .NET, Swift, Bash, SQL
Load:     0
sk score:0.0
time score:1.0
2.0
________End Matching___________
-------------matching:
skill
C++, C
021L, 20 of 20, Wed 14:30–15:20, PRS101, Silber
-------
------
Name:     Denzel Washington
ID #:     1111222
Email:    trainingday@udel.edu
Schedule: Mon 9:05–9:55; Tue 14:00–15:15, 15:30–16:45, 17:20–18:35; Wed 9:05–9:55; Thu 14:00–15:15, 17:20–18:35; Fri 9:05–9:55, 12:20–13:10
Skills:   Java, C, Pel, PHP, Ruby, Python, Fortran
Load:     0
sk score:0.5
time score:1.0
1.5
________End Matching___________
[2.0, 2.0, 2.0, 2.0, 2.0, 2.0, 2.0, 2.0, 1.5, 1.5]
---------------------------
-------------matching:
skill
C++, C
010Lec, 40 of 40, Tue 15:30–16:45; Thu 15:30–16:45, GOR208, Silber
-------
------
Name:     Bill Clinton
ID #:     4445556
Email:    billclinton@udel.edu
Schedule: Tue 14:00–15:15, 15:30–16:45, 17:00–18:15; Thu 14:00–15:15, 15:30–16:45, 17:00–18:15
Skills:   Java, Clojure
Load:     0
sk score:0.0
time score:1.0
2.0
________End Matching___________
-------------matching:
skill
C++, C
010Lec, 40 of 40, Tue 15:30–16:45; Thu 15:30–16:45, GOR208, Silber
-------
------
Name:     Donald Duck
ID #:     4582948
Email:    dduck@udel.edu
Schedule: Mon 8:40–9:55; Tue 9:30–10:45, 14:00–15:15, 15:30–16:45; Thu 14:00–15:15; Fri 8:40–9:55, 10:10–12:05
Skills:   
Load:     0
sk score:0.0
time score:1.0
2.0
________End Matching___________
-------------matching:
skill
C++, C
010Lec, 40 of 40, Tue 15:30–16:45; Thu 15:30–16:45, GOR208, Silber
-------
------
Name:     Benjamin Franklin
ID #:     2938405
Email:    bfrank@udel.edu
Schedule: Mon 12:20–13:10, 14:30–15:20; Tue 12:30–13:20; Wed 12:20–13:10, 14:30–15:20; Fri 12:20–13:10, 14:30–15:20
Skills:   OpenCV, ASP.NET, Python
Load:     0
sk score:0.0
time score:1.0
2.0
________End Matching___________
-------------matching:
skill
C++, C
010Lec, 40 of 40, Tue 15:30–16:45; Thu 15:30–16:45, GOR208, Silber
-------
------
Name:     Barack Obama
ID #:     3344556
Email:    yeswecan@udel.edu
Schedule: Tue 14:00–15:15; Thu 14:00–15:15; Fri 11:00–12:15
Skills:   Java, C+, .NET, Swift, Bash, SQL
Load:     0
sk score:0.0
time score:1.0
2.0
________End Matching___________
-------------matching:
skill
C++, C
010Lec, 40 of 40, Tue 15:30–16:45; Thu 15:30–16:45, GOR208, Silber
-------
------
Name:     Denzel Washington
ID #:     1111222
Email:    trainingday@udel.edu
Schedule: Mon 9:05–9:55; Tue 14:00–15:15, 15:30–16:45, 17:20–18:35; Wed 9:05–9:55; Thu 14:00–15:15, 17:20–18:35; Fri 9:05–9:55, 12:20–13:10
Skills:   Java, C, Pel, PHP, Ruby, Python, Fortran
Load:     0
sk score:0.5
time score:1.0
1.5
________End Matching___________
[2.0, 2.0, 2.0, 2.0, 2.0, 2.0, 2.0, 2.0, 1.5, 1.5]
---------------------------
-------------matching:
skill
Any
010Lec, 33 of 40, Tue 9:30–10:45; Wed 17:00–19:00; Thu 9:30–10:45, GOR117, Harvey
-------
------
Name:     Bill Clinton
ID #:     4445556
Email:    billclinton@udel.edu
Schedule: Tue 14:00–15:15, 15:30–16:45, 17:00–18:15; Thu 14:00–15:15, 15:30–16:45, 17:00–18:15
Skills:   Java, Clojure
Load:     0
sk score:0.0
time score:1.0
2.0
________End Matching___________
-------------matching:
skill
Any
010Lec, 33 of 40, Tue 9:30–10:45; Wed 17:00–19:00; Thu 9:30–10:45, GOR117, Harvey
-------
------
Name:     Donald Duck
ID #:     4582948
Email:    dduck@udel.edu
Schedule: Mon 8:40–9:55; Tue 9:30–10:45, 14:00–15:15, 15:30–16:45; Thu 14:00–15:15; Fri 8:40–9:55, 10:10–12:05
Skills:   
Load:     0
sk score:0.0
time score:1.0
2.0
________End Matching___________
-------------matching:
skill
Any
010Lec, 33 of 40, Tue 9:30–10:45; Wed 17:00–19:00; Thu 9:30–10:45, GOR117, Harvey
-------
------
Name:     Benjamin Franklin
ID #:     2938405
Email:    bfrank@udel.edu
Schedule: Mon 12:20–13:10, 14:30–15:20; Tue 12:30–13:20; Wed 12:20–13:10, 14:30–15:20; Fri 12:20–13:10, 14:30–15:20
Skills:   OpenCV, ASP.NET, Python
Load:     0
sk score:0.0
time score:1.0
2.0
________End Matching___________
-------------matching:
skill
Any
010Lec, 33 of 40, Tue 9:30–10:45; Wed 17:00–19:00; Thu 9:30–10:45, GOR117, Harvey
-------
------
Name:     Barack Obama
ID #:     3344556
Email:    yeswecan@udel.edu
Schedule: Tue 14:00–15:15; Thu 14:00–15:15; Fri 11:00–12:15
Skills:   Java, C+, .NET, Swift, Bash, SQL
Load:     0
sk score:0.0
time score:1.0
2.0
________End Matching___________
-------------matching:
skill
Any
010Lec, 33 of 40, Tue 9:30–10:45; Wed 17:00–19:00; Thu 9:30–10:45, GOR117, Harvey
-------
------
Name:     Denzel Washington
ID #:     1111222
Email:    trainingday@udel.edu
Schedule: Mon 9:05–9:55; Tue 14:00–15:15, 15:30–16:45, 17:20–18:35; Wed 9:05–9:55; Thu 14:00–15:15, 17:20–18:35; Fri 9:05–9:55, 12:20–13:10
Skills:   Java, C, Pel, PHP, Ruby, Python, Fortran
Load:     0
sk score:0.0
time score:1.0
2.0
________End Matching___________
[2.0, 2.0, 2.0, 2.0, 2.0, 2.0, 2.0, 2.0, 2.0, 2.0]
---------------------------
-------------matching:
skill
Any
011Lec, 38 of 40, Tue 11:00–12:15; Wed 17:00–19:00; Thu 11:00–12:15, GOR117, Harvey
-------
------
Name:     Bill Clinton
ID #:     4445556
Email:    billclinton@udel.edu
Schedule: Tue 14:00–15:15, 15:30–16:45, 17:00–18:15; Thu 14:00–15:15, 15:30–16:45, 17:00–18:15
Skills:   Java, Clojure
Load:     0
sk score:0.0
time score:1.0
2.0
________End Matching___________
-------------matching:
skill
Any
011Lec, 38 of 40, Tue 11:00–12:15; Wed 17:00–19:00; Thu 11:00–12:15, GOR117, Harvey
-------
------
Name:     Donald Duck
ID #:     4582948
Email:    dduck@udel.edu
Schedule: Mon 8:40–9:55; Tue 9:30–10:45, 14:00–15:15, 15:30–16:45; Thu 14:00–15:15; Fri 8:40–9:55, 10:10–12:05
Skills:   
Load:     0
sk score:0.0
time score:1.0
2.0
________End Matching___________
-------------matching:
skill
Any
011Lec, 38 of 40, Tue 11:00–12:15; Wed 17:00–19:00; Thu 11:00–12:15, GOR117, Harvey
-------
------
Name:     Benjamin Franklin
ID #:     2938405
Email:    bfrank@udel.edu
Schedule: Mon 12:20–13:10, 14:30–15:20; Tue 12:30–13:20; Wed 12:20–13:10, 14:30–15:20; Fri 12:20–13:10, 14:30–15:20
Skills:   OpenCV, ASP.NET, Python
Load:     0
sk score:0.0
time score:1.0
2.0
________End Matching___________
-------------matching:
skill
Any
011Lec, 38 of 40, Tue 11:00–12:15; Wed 17:00–19:00; Thu 11:00–12:15, GOR117, Harvey
-------
------
Name:     Barack Obama
ID #:     3344556
Email:    yeswecan@udel.edu
Schedule: Tue 14:00–15:15; Thu 14:00–15:15; Fri 11:00–12:15
Skills:   Java, C+, .NET, Swift, Bash, SQL
Load:     0
sk score:0.0
time score:1.0
2.0
________End Matching___________
-------------matching:
skill
Any
011Lec, 38 of 40, Tue 11:00–12:15; Wed 17:00–19:00; Thu 11:00–12:15, GOR117, Harvey
-------
------
Name:     Denzel Washington
ID #:     1111222
Email:    trainingday@udel.edu
Schedule: Mon 9:05–9:55; Tue 14:00–15:15, 15:30–16:45, 17:20–18:35; Wed 9:05–9:55; Thu 14:00–15:15, 17:20–18:35; Fri 9:05–9:55, 12:20–13:10
Skills:   Java, C, Pel, PHP, Ruby, Python, Fortran
Load:     0
sk score:0.0
time score:1.0
2.0
________End Matching___________
[2.0, 2.0, 2.0, 2.0, 2.0, 2.0, 2.0, 2.0, 2.0, 2.0]
---------------------------
-------------matching:
skill
601
010Lec, 43 of 45, Mon 10:10–11:00; Wed 10:10–11:00; Fri 10:10–11:00, ALS318, Carberry
-------
------
Name:     Bill Clinton
ID #:     4445556
Email:    billclinton@udel.edu
Schedule: Tue 14:00–15:15, 15:30–16:45, 17:00–18:15; Thu 14:00–15:15, 15:30–16:45, 17:00–18:15
Skills:   Java, Clojure
Load:     0
sk score:0.0
time score:1.0
2.0
________End Matching___________
-------------matching:
skill
601
010Lec, 43 of 45, Mon 10:10–11:00; Wed 10:10–11:00; Fri 10:10–11:00, ALS318, Carberry
-------
------
Name:     Donald Duck
ID #:     4582948
Email:    dduck@udel.edu
Schedule: Mon 8:40–9:55; Tue 9:30–10:45, 14:00–15:15, 15:30–16:45; Thu 14:00–15:15; Fri 8:40–9:55, 10:10–12:05
Skills:   
Load:     0
sk score:0.0
time score:0.0
2.0
________End Matching___________
-------------matching:
skill
601
010Lec, 43 of 45, Mon 10:10–11:00; Wed 10:10–11:00; Fri 10:10–11:00, ALS318, Carberry
-------
------
Name:     Benjamin Franklin
ID #:     2938405
Email:    bfrank@udel.edu
Schedule: Mon 12:20–13:10, 14:30–15:20; Tue 12:30–13:20; Wed 12:20–13:10, 14:30–15:20; Fri 12:20–13:10, 14:30–15:20
Skills:   OpenCV, ASP.NET, Python
Load:     0
sk score:0.0
time score:1.0
2.0
________End Matching___________
-------------matching:
skill
601
010Lec, 43 of 45, Mon 10:10–11:00; Wed 10:10–11:00; Fri 10:10–11:00, ALS318, Carberry
-------
------
Name:     Barack Obama
ID #:     3344556
Email:    yeswecan@udel.edu
Schedule: Tue 14:00–15:15; Thu 14:00–15:15; Fri 11:00–12:15
Skills:   Java, C+, .NET, Swift, Bash, SQL
Load:     0
sk score:0.0
time score:0.0
2.0
________End Matching___________
-------------matching:
skill
601
010Lec, 43 of 45, Mon 10:10–11:00; Wed 10:10–11:00; Fri 10:10–11:00, ALS318, Carberry
-------
------
Name:     Denzel Washington
ID #:     1111222
Email:    trainingday@udel.edu
Schedule: Mon 9:05–9:55; Tue 14:00–15:15, 15:30–16:45, 17:20–18:35; Wed 9:05–9:55; Thu 14:00–15:15, 17:20–18:35; Fri 9:05–9:55, 12:20–13:10
Skills:   Java, C, Pel, PHP, Ruby, Python, Fortran
Load:     0
sk score:0.0
time score:1.0
2.0
________End Matching___________
[2.0, 2.0, 2.0, 2.0, 2.0, 2.0, 2.0, 2.0, 2.0, 2.0]
---------------------------
-------------matching:
skill
604
010Lec, 35 of 35, Tue 11:00–12:15; Thu 11:00–12:15, SHL120, Carberry
-------
------
Name:     Bill Clinton
ID #:     4445556
Email:    billclinton@udel.edu
Schedule: Tue 14:00–15:15, 15:30–16:45, 17:00–18:15; Thu 14:00–15:15, 15:30–16:45, 17:00–18:15
Skills:   Java, Clojure
Load:     0
sk score:0.0
time score:1.0
2.0
________End Matching___________
-------------matching:
skill
604
010Lec, 35 of 35, Tue 11:00–12:15; Thu 11:00–12:15, SHL120, Carberry
-------
------
Name:     Donald Duck
ID #:     4582948
Email:    dduck@udel.edu
Schedule: Mon 8:40–9:55; Tue 9:30–10:45, 14:00–15:15, 15:30–16:45; Thu 14:00–15:15; Fri 8:40–9:55, 10:10–12:05
Skills:   
Load:     0
sk score:0.0
time score:1.0
2.0
________End Matching___________
-------------matching:
skill
604
010Lec, 35 of 35, Tue 11:00–12:15; Thu 11:00–12:15, SHL120, Carberry
-------
------
Name:     Benjamin Franklin
ID #:     2938405
Email:    bfrank@udel.edu
Schedule: Mon 12:20–13:10, 14:30–15:20; Tue 12:30–13:20; Wed 12:20–13:10, 14:30–15:20; Fri 12:20–13:10, 14:30–15:20
Skills:   OpenCV, ASP.NET, Python
Load:     0
sk score:0.0
time score:1.0
2.0
________End Matching___________
-------------matching:
skill
604
010Lec, 35 of 35, Tue 11:00–12:15; Thu 11:00–12:15, SHL120, Carberry
-------
------
Name:     Barack Obama
ID #:     3344556
Email:    yeswecan@udel.edu
Schedule: Tue 14:00–15:15; Thu 14:00–15:15; Fri 11:00–12:15
Skills:   Java, C+, .NET, Swift, Bash, SQL
Load:     0
sk score:0.0
time score:1.0
2.0
________End Matching___________
-------------matching:
skill
604
010Lec, 35 of 35, Tue 11:00–12:15; Thu 11:00–12:15, SHL120, Carberry
-------
------
Name:     Denzel Washington
ID #:     1111222
Email:    trainingday@udel.edu
Schedule: Mon 9:05–9:55; Tue 14:00–15:15, 15:30–16:45, 17:20–18:35; Wed 9:05–9:55; Thu 14:00–15:15, 17:20–18:35; Fri 9:05–9:55, 12:20–13:10
Skills:   Java, C, Pel, PHP, Ruby, Python, Fortran
Load:     0
sk score:0.0
time score:1.0
2.0
________End Matching___________
[2.0, 2.0, 2.0, 2.0, 2.0, 2.0, 2.0, 2.0, 2.0, 2.0]
---------------------------
-------------matching:
skill
621
010Lec, 35 of 35, Tue 11:00–12:15; Thu 11:00–12:15, SHL120, Carberry
-------
------
Name:     Bill Clinton
ID #:     4445556
Email:    billclinton@udel.edu
Schedule: Tue 14:00–15:15, 15:30–16:45, 17:00–18:15; Thu 14:00–15:15, 15:30–16:45, 17:00–18:15
Skills:   Java, Clojure
Load:     0
sk score:0.0
time score:1.0
2.0
________End Matching___________
-------------matching:
skill
621
010Lec, 35 of 35, Tue 11:00–12:15; Thu 11:00–12:15, SHL120, Carberry
-------
------
Name:     Donald Duck
ID #:     4582948
Email:    dduck@udel.edu
Schedule: Mon 8:40–9:55; Tue 9:30–10:45, 14:00–15:15, 15:30–16:45; Thu 14:00–15:15; Fri 8:40–9:55, 10:10–12:05
Skills:   
Load:     0
sk score:0.0
time score:1.0
2.0
________End Matching___________
-------------matching:
skill
621
010Lec, 35 of 35, Tue 11:00–12:15; Thu 11:00–12:15, SHL120, Carberry
-------
------
Name:     Benjamin Franklin
ID #:     2938405
Email:    bfrank@udel.edu
Schedule: Mon 12:20–13:10, 14:30–15:20; Tue 12:30–13:20; Wed 12:20–13:10, 14:30–15:20; Fri 12:20–13:10, 14:30–15:20
Skills:   OpenCV, ASP.NET, Python
Load:     0
sk score:0.0
time score:1.0
2.0
________End Matching___________
-------------matching:
skill
621
010Lec, 35 of 35, Tue 11:00–12:15; Thu 11:00–12:15, SHL120, Carberry
-------
------
Name:     Barack Obama
ID #:     3344556
Email:    yeswecan@udel.edu
Schedule: Tue 14:00–15:15; Thu 14:00–15:15; Fri 11:00–12:15
Skills:   Java, C+, .NET, Swift, Bash, SQL
Load:     0
sk score:0.0
time score:1.0
2.0
________End Matching___________
-------------matching:
skill
621
010Lec, 35 of 35, Tue 11:00–12:15; Thu 11:00–12:15, SHL120, Carberry
-------
------
Name:     Denzel Washington
ID #:     1111222
Email:    trainingday@udel.edu
Schedule: Mon 9:05–9:55; Tue 14:00–15:15, 15:30–16:45, 17:20–18:35; Wed 9:05–9:55; Thu 14:00–15:15, 17:20–18:35; Fri 9:05–9:55, 12:20–13:10
Skills:   Java, C, Pel, PHP, Ruby, Python, Fortran
Load:     0
sk score:0.0
time score:1.0
2.0
________End Matching___________
[2.0, 2.0, 2.0, 2.0, 2.0, 2.0, 2.0, 2.0, 2.0, 2.0]
---------------------------
-------------matching:
skill
637, SQL
010Lec, 35 of 35, Tue 16:00–17:15; Thu 16:00–17:15, GOR102, Gibbons
-------
------
Name:     Bill Clinton
ID #:     4445556
Email:    billclinton@udel.edu
Schedule: Tue 14:00–15:15, 15:30–16:45, 17:00–18:15; Thu 14:00–15:15, 15:30–16:45, 17:00–18:15
Skills:   Java, Clojure
Load:     0
sk score:0.0
time score:0.0
2.0
________End Matching___________
-------------matching:
skill
637, SQL
010Lec, 35 of 35, Tue 16:00–17:15; Thu 16:00–17:15, GOR102, Gibbons
-------
------
Name:     Donald Duck
ID #:     4582948
Email:    dduck@udel.edu
Schedule: Mon 8:40–9:55; Tue 9:30–10:45, 14:00–15:15, 15:30–16:45; Thu 14:00–15:15; Fri 8:40–9:55, 10:10–12:05
Skills:   
Load:     0
sk score:0.0
time score:1.0
2.0
________End Matching___________
-------------matching:
skill
637, SQL
010Lec, 35 of 35, Tue 16:00–17:15; Thu 16:00–17:15, GOR102, Gibbons
-------
------
Name:     Benjamin Franklin
ID #:     2938405
Email:    bfrank@udel.edu
Schedule: Mon 12:20–13:10, 14:30–15:20; Tue 12:30–13:20; Wed 12:20–13:10, 14:30–15:20; Fri 12:20–13:10, 14:30–15:20
Skills:   OpenCV, ASP.NET, Python
Load:     0
sk score:0.0
time score:1.0
2.0
________End Matching___________
-------------matching:
skill
637, SQL
010Lec, 35 of 35, Tue 16:00–17:15; Thu 16:00–17:15, GOR102, Gibbons
-------
------
Name:     Barack Obama
ID #:     3344556
Email:    yeswecan@udel.edu
Schedule: Tue 14:00–15:15; Thu 14:00–15:15; Fri 11:00–12:15
Skills:   Java, C+, .NET, Swift, Bash, SQL
Load:     0
sk score:0.5
time score:1.0
1.5
________End Matching___________
-------------matching:
skill
637, SQL
010Lec, 35 of 35, Tue 16:00–17:15; Thu 16:00–17:15, GOR102, Gibbons
-------
------
Name:     Denzel Washington
ID #:     1111222
Email:    trainingday@udel.edu
Schedule: Mon 9:05–9:55; Tue 14:00–15:15, 15:30–16:45, 17:20–18:35; Wed 9:05–9:55; Thu 14:00–15:15, 17:20–18:35; Fri 9:05–9:55, 12:20–13:10
Skills:   Java, C, Pel, PHP, Ruby, Python, Fortran
Load:     0
sk score:0.0
time score:0.1
2.0
________End Matching___________
[2.0, 2.0, 2.0, 2.0, 2.0, 2.0, 1.5, 1.5, 2.0, 2.0]
---------------------------
[[2.0, 2.0, 2.0, 2.0, 2.0, 2.0, 2.0, 2.0, 1.5, 1.5], [2.0, 2.0, 2.0, 2.0, 2.0, 2.0, 2.0, 2.0, 1.5, 1.5], [2.0, 2.0, 2.0, 2.0, 2.0, 2.0, 2.0, 2.0, 1.5, 1.5], [2.0, 2.0, 2.0, 2.0, 2.0, 2.0, 2.0, 2.0, 2.0, 2.0], [2.0, 2.0, 2.0, 2.0, 2.0, 2.0, 2.0, 2.0, 2.0, 2.0], [2.0, 2.0, 2.0, 2.0, 2.0, 2.0, 2.0, 2.0, 2.0, 2.0], [2.0, 2.0, 2.0, 2.0, 2.0, 2.0, 2.0, 2.0, 2.0, 2.0], [2.0, 2.0, 2.0, 2.0, 2.0, 2.0, 2.0, 2.0, 2.0, 2.0], [2.0, 2.0, 2.0, 2.0, 2.0, 2.0, 1.5, 1.5, 2.0, 2.0]]
10
[2.0, 2.0, 2.0, 2.0, 2.0, 2.0, 2.0, 2.0, 1.5, 1.5]
[2.0, 2.0, 2.0, 2.0, 2.0, 2.0, 2.0, 2.0, 1.5, 1.5]
[2.0, 2.0, 2.0, 2.0, 2.0, 2.0, 2.0, 2.0, 1.5, 1.5]
[2.0, 2.0, 2.0, 2.0, 2.0, 2.0, 2.0, 2.0, 2.0, 2.0]
[2.0, 2.0, 2.0, 2.0, 2.0, 2.0, 2.0, 2.0, 2.0, 2.0]
[2.0, 2.0, 2.0, 2.0, 2.0, 2.0, 2.0, 2.0, 2.0, 2.0]
[2.0, 2.0, 2.0, 2.0, 2.0, 2.0, 2.0, 2.0, 2.0, 2.0]
[2.0, 2.0, 2.0, 2.0, 2.0, 2.0, 2.0, 2.0, 2.0, 2.0]
[2.0, 2.0, 2.0, 2.0, 2.0, 2.0, 1.5, 1.5, 2.0, 2.0]
[0.0, 0.0, 0.0, 0.0, 0.0, 0.0, 0.0, 0.0, 0.0, 0.0]
Bipartite Matching: [8, 9, 7, 0, 1, 2, 3, 4, 6, 5]
Pairing: 1
------
Course Information:
CISC 210 Introduction to Systems Programming
Skills Required - C++, C

Section Information (Term 2191):
020L, 20 of 20, Wed 13:25–14:15, PRS101, Silber
021L, 20 of 20, Wed 14:30–15:20, PRS101, Silber
010Lec, 40 of 40, Tue 15:30–16:45; Thu 15:30–16:45, GOR208, Silber
------------
Section: 
020L, 20 of 20, Wed 13:25–14:15, PRS101, Silber
------
Name:     Denzel Washington
ID #:     1111222
Email:    trainingday@udel.edu
Schedule: Mon 9:05–9:55; Tue 14:00–15:15, 15:30–16:45, 17:20–18:35; Wed 9:05–9:55; Thu 14:00–15:15, 17:20–18:35; Fri 9:05–9:55, 12:20–13:10
Skills:   Java, C, Pel, PHP, Ruby, Python, Fortran
Load:     0
---------------


Pairing: 2
------
Course Information:
CISC 210 Introduction to Systems Programming
Skills Required - C++, C

Section Information (Term 2191):
020L, 20 of 20, Wed 13:25–14:15, PRS101, Silber
021L, 20 of 20, Wed 14:30–15:20, PRS101, Silber
010Lec, 40 of 40, Tue 15:30–16:45; Thu 15:30–16:45, GOR208, Silber
------------
Section: 
021L, 20 of 20, Wed 14:30–15:20, PRS101, Silber
------
Name:     Denzel Washington
ID #:     1111222
Email:    trainingday@udel.edu
Schedule: Mon 9:05–9:55; Tue 14:00–15:15, 15:30–16:45, 17:20–18:35; Wed 9:05–9:55; Thu 14:00–15:15, 17:20–18:35; Fri 9:05–9:55, 12:20–13:10
Skills:   Java, C, Pel, PHP, Ruby, Python, Fortran
Load:     0
---------------


Pairing: 3
------
Course Information:
CISC 210 Introduction to Systems Programming
Skills Required - C++, C

Section Information (Term 2191):
020L, 20 of 20, Wed 13:25–14:15, PRS101, Silber
021L, 20 of 20, Wed 14:30–15:20, PRS101, Silber
010Lec, 40 of 40, Tue 15:30–16:45; Thu 15:30–16:45, GOR208, Silber
------------
Section: 
010Lec, 40 of 40, Tue 15:30–16:45; Thu 15:30–16:45, GOR208, Silber
------
Name:     Barack Obama
ID #:     3344556
Email:    yeswecan@udel.edu
Schedule: Tue 14:00–15:15; Thu 14:00–15:15; Fri 11:00–12:15
Skills:   Java, C+, .NET, Swift, Bash, SQL
Load:     0
---------------


Pairing: 4
------
Course Information:
CISC 275 Introduction to Software Engineering
Skills Required - Any

Section Information (Term 2191):
010Lec, 33 of 40, Tue 9:30–10:45; Wed 17:00–19:00; Thu 9:30–10:45, GOR117, Harvey
011Lec, 38 of 40, Tue 11:00–12:15; Wed 17:00–19:00; Thu 11:00–12:15, GOR117, Harvey
------------
Section: 
010Lec, 33 of 40, Tue 9:30–10:45; Wed 17:00–19:00; Thu 9:30–10:45, GOR117, Harvey
------
Name:     Bill Clinton
ID #:     4445556
Email:    billclinton@udel.edu
Schedule: Tue 14:00–15:15, 15:30–16:45, 17:00–18:15; Thu 14:00–15:15, 15:30–16:45, 17:00–18:15
Skills:   Java, Clojure
Load:     0
---------------


Pairing: 5
------
Course Information:
CISC 275 Introduction to Software Engineering
Skills Required - Any

Section Information (Term 2191):
010Lec, 33 of 40, Tue 9:30–10:45; Wed 17:00–19:00; Thu 9:30–10:45, GOR117, Harvey
011Lec, 38 of 40, Tue 11:00–12:15; Wed 17:00–19:00; Thu 11:00–12:15, GOR117, Harvey
------------
Section: 
011Lec, 38 of 40, Tue 11:00–12:15; Wed 17:00–19:00; Thu 11:00–12:15, GOR117, Harvey
------
Name:     Bill Clinton
ID #:     4445556
Email:    billclinton@udel.edu
Schedule: Tue 14:00–15:15, 15:30–16:45, 17:00–18:15; Thu 14:00–15:15, 15:30–16:45, 17:00–18:15
Skills:   Java, Clojure
Load:     0
---------------


Pairing: 6
------
Course Information:
CISC 303 Automata Theory
Skills Required - 601

Section Information (Term 2191):
010Lec, 43 of 45, Mon 10:10–11:00; Wed 10:10–11:00; Fri 10:10–11:00, ALS318, Carberry
------------
Section: 
010Lec, 43 of 45, Mon 10:10–11:00; Wed 10:10–11:00; Fri 10:10–11:00, ALS318, Carberry
------
Name:     Donald Duck
ID #:     4582948
Email:    dduck@udel.edu
Schedule: Mon 8:40–9:55; Tue 9:30–10:45, 14:00–15:15, 15:30–16:45; Thu 14:00–15:15; Fri 8:40–9:55, 10:10–12:05
Skills:   
Load:     0
---------------


Pairing: 7
------
Course Information:
CISC 304 Logic and Programming
Skills Required - 604

Section Information (Term 2191):
010Lec, 35 of 35, Tue 11:00–12:15; Thu 11:00–12:15, SHL120, Carberry
------------
Section: 
010Lec, 35 of 35, Tue 11:00–12:15; Thu 11:00–12:15, SHL120, Carberry
------
Name:     Donald Duck
ID #:     4582948
Email:    dduck@udel.edu
Schedule: Mon 8:40–9:55; Tue 9:30–10:45, 14:00–15:15, 15:30–16:45; Thu 14:00–15:15; Fri 8:40–9:55, 10:10–12:05
Skills:   
Load:     0
---------------


Pairing: 8
------
Course Information:
CISC 320 Introduction to Algorithms
Skills Required - 621

Section Information (Term 2191):
010Lec, 35 of 35, Tue 11:00–12:15; Thu 11:00–12:15, SHL120, Carberry
------------
Section: 
010Lec, 35 of 35, Tue 11:00–12:15; Thu 11:00–12:15, SHL120, Carberry
------
Name:     Benjamin Franklin
ID #:     2938405
Email:    bfrank@udel.edu
Schedule: Mon 12:20–13:10, 14:30–15:20; Tue 12:30–13:20; Wed 12:20–13:10, 14:30–15:20; Fri 12:20–13:10, 14:30–15:20
Skills:   OpenCV, ASP.NET, Python
Load:     0
---------------


Pairing: 9
------
Course Information:
CISC 437 Database Systems
Skills Required - 637, SQL

Section Information (Term 2191):
010Lec, 35 of 35, Tue 16:00–17:15; Thu 16:00–17:15, GOR102, Gibbons
------------
Section: 
010Lec, 35 of 35, Tue 16:00–17:15; Thu 16:00–17:15, GOR102, Gibbons
------
Name:     Barack Obama
ID #:     3344556
Email:    yeswecan@udel.edu
Schedule: Tue 14:00–15:15; Thu 14:00–15:15; Fri 11:00–12:15
Skills:   Java, C+, .NET, Swift, Bash, SQL
Load:     0
---------------


]]></system-out>

      <system-err><![CDATA[]]></system-err>

  </testsuite>
  <testsuite errors="0" failures="0" hostname="wifi-roaming-128-4-108-130.host.udel.edu" id="12" name="SkillSetTest" package="edu.udel.cis.taschd.skill" skipped="0" tests="7" time="0.066" timestamp="2018-12-07T19:56:51">
      <properties>
[...]
</properties>

      <testcase classname="edu.udel.cis.taschd.skill.SkillSetTest" name="test1" time="0.0" />

      <testcase classname="edu.udel.cis.taschd.skill.SkillSetTest" name="test2" time="0.0" />

      <testcase classname="edu.udel.cis.taschd.skill.SkillSetTest" name="test3" time="0.0" />

      <testcase classname="edu.udel.cis.taschd.skill.SkillSetTest" name="test4" time="0.0" />

      <testcase classname="edu.udel.cis.taschd.skill.SkillSetTest" name="test5" time="0.0" />

      <testcase classname="edu.udel.cis.taschd.skill.SkillSetTest" name="test6" time="0.0" />

      <testcase classname="edu.udel.cis.taschd.skill.SkillSetTest" name="test7" time="0.0" />

      <system-out><![CDATA[]]></system-out>

      <system-err><![CDATA[]]></system-err>

  </testsuite>
  <testsuite errors="0" failures="0" hostname="wifi-roaming-128-4-108-130.host.udel.edu" id="13" name="SkillTest" package="edu.udel.cis.taschd.skill" skipped="0" tests="9" time="0.034" timestamp="2018-12-07T19:56:51">
      <properties>
[...]
</properties>

      <testcase classname="edu.udel.cis.taschd.skill.SkillTest" name="test1" time="0.001" />

      <testcase classname="edu.udel.cis.taschd.skill.SkillTest" name="test2" time="0.016" />

      <testcase classname="edu.udel.cis.taschd.skill.SkillTest" name="test3" time="0.001" />

      <testcase classname="edu.udel.cis.taschd.skill.SkillTest" name="test4" time="0.001" />

      <testcase classname="edu.udel.cis.taschd.skill.SkillTest" name="test5" time="0.0" />

      <testcase classname="edu.udel.cis.taschd.skill.SkillTest" name="test6" time="0.0" />

      <testcase classname="edu.udel.cis.taschd.skill.SkillTest" name="test7" time="0.0" />

      <testcase classname="edu.udel.cis.taschd.skill.SkillTest" name="test8" time="0.0" />

      <testcase classname="edu.udel.cis.taschd.skill.SkillTest" name="test9" time="0.001" />

      <system-out><![CDATA[]]></system-out>

      <system-err><![CDATA[]]></system-err>

  </testsuite>
  <testsuite errors="0" failures="0" hostname="wifi-roaming-128-4-108-130.host.udel.edu" id="14" name="TimeIntervalTest" package="edu.udel.cis.taschd.time" skipped="0" tests="25" time="0.027" timestamp="2018-12-07T19:56:51">
      <properties>
[...]
</properties>

      <testcase classname="edu.udel.cis.taschd.time.TimeIntervalTest" name="testGetStartHourOfDay" time="0.0" />

      <testcase classname="edu.udel.cis.taschd.time.TimeIntervalTest" name="testEquals1" time="0.0" />

      <testcase classname="edu.udel.cis.taschd.time.TimeIntervalTest" name="testEquals2" time="0.0" />

      <testcase classname="edu.udel.cis.taschd.time.TimeIntervalTest" name="testEquals3" time="0.001" />

      <testcase classname="edu.udel.cis.taschd.time.TimeIntervalTest" name="testCompareEnd" time="0.0" />

      <testcase classname="edu.udel.cis.taschd.time.TimeIntervalTest" name="testgetStartMinuteOfHour" time="0.0" />

      <testcase classname="edu.udel.cis.taschd.time.TimeIntervalTest" name="testEnd1" time="0.0" />

      <testcase classname="edu.udel.cis.taschd.time.TimeIntervalTest" name="testCompareEnd2" time="0.0" />

      <testcase classname="edu.udel.cis.taschd.time.TimeIntervalTest" name="testCompareEnd3" time="0.0" />

      <testcase classname="edu.udel.cis.taschd.time.TimeIntervalTest" name="endDayOfWeek1" time="0.0" />

      <testcase classname="edu.udel.cis.taschd.time.TimeIntervalTest" name="testGetEndMinuteOfHour" time="0.0" />

      <testcase classname="edu.udel.cis.taschd.time.TimeIntervalTest" name="testDuration1" time="0.0" />

      <testcase classname="edu.udel.cis.taschd.time.TimeIntervalTest" name="testTimeString" time="0.0" />

      <testcase classname="edu.udel.cis.taschd.time.TimeIntervalTest" name="testGetStartDayOfWeek" time="0.0" />

      <testcase classname="edu.udel.cis.taschd.time.TimeIntervalTest" name="testMinutesAfter1" time="0.0" />

      <testcase classname="edu.udel.cis.taschd.time.TimeIntervalTest" name="testMinutesAfter2" time="0.001" />

      <testcase classname="edu.udel.cis.taschd.time.TimeIntervalTest" name="testCompareStart1" time="0.0" />

      <testcase classname="edu.udel.cis.taschd.time.TimeIntervalTest" name="testCompareStart2" time="0.0" />

      <testcase classname="edu.udel.cis.taschd.time.TimeIntervalTest" name="testCompareStart3" time="0.0" />

      <testcase classname="edu.udel.cis.taschd.time.TimeIntervalTest" name="toString1" time="0.001" />

      <testcase classname="edu.udel.cis.taschd.time.TimeIntervalTest" name="toString2" time="0.0" />

      <testcase classname="edu.udel.cis.taschd.time.TimeIntervalTest" name="toString3" time="0.0" />

      <testcase classname="edu.udel.cis.taschd.time.TimeIntervalTest" name="testHashCode" time="0.001" />

      <testcase classname="edu.udel.cis.taschd.time.TimeIntervalTest" name="testStart1" time="0.0" />

      <testcase classname="edu.udel.cis.taschd.time.TimeIntervalTest" name="testGetEndHourOfDay" time="0.001" />

      <system-out><![CDATA[Tue 11:00–12:15
Tue 12:20–13:25
]]></system-out>

      <system-err><![CDATA[]]></system-err>

  </testsuite>
  <testsuite errors="0" failures="1" hostname="wifi-roaming-128-4-108-130.host.udel.edu" id="15" name="WeeklyScheduleTest" package="edu.udel.cis.taschd.time" skipped="0" tests="7" time="0.014" timestamp="2018-12-07T19:56:51">
      <properties>
[...]
</properties>

      <testcase classname="edu.udel.cis.taschd.time.WeeklyScheduleTest" name="test1" time="0.0" />

      <testcase classname="edu.udel.cis.taschd.time.WeeklyScheduleTest" name="test2" time="0.0" />

      <testcase classname="edu.udel.cis.taschd.time.WeeklyScheduleTest" name="test3" time="0.001" />

      <testcase classname="edu.udel.cis.taschd.time.WeeklyScheduleTest" name="test4" time="0.0" />

      <testcase classname="edu.udel.cis.taschd.time.WeeklyScheduleTest" name="test5" time="0.006">
          <failure message="expected:&lt;0.0&gt; but was:&lt;1.0&gt;" type="junit.framework.AssertionFailedError">junit.framework.AssertionFailedError: expected:&lt;0.0&gt; but was:&lt;1.0&gt;
	at edu.udel.cis.taschd.time.WeeklyScheduleTest.test5(WeeklyScheduleTest.java:143)
</failure>

      </testcase>

      <testcase classname="edu.udel.cis.taschd.time.WeeklyScheduleTest" name="test6" time="0.001" />

      <testcase classname="edu.udel.cis.taschd.time.WeeklyScheduleTest" name="test7" time="0.0" />

      <system-out><![CDATA[Tue 11:00–12:15, 12:20–13:25; Thu 12:20–13:25
Mon 12:20–13:25; Wed 12:20–13:25
Mon 12:20–13:25; Tue 11:00–12:15, 12:20–13:25
Mon 12:20–13:25; Wed 12:20–13:25
Tue 11:00–12:15; Wed 12:20–13:25; Thu 12:20–13:25
Tue 12:20–13:25; Wed 15:40–16:55; Thu 13:35–14:40
]]></system-out>

      <system-err><![CDATA[]]></system-err>

  </testsuite>
  <testsuite errors="0" failures="0" hostname="wifi-roaming-128-4-108-130.host.udel.edu" id="16" name="UserInterfaceTest" package="edu.udel.cis.taschd.userinterface" skipped="0" tests="1" time="0.033" timestamp="2018-12-07T19:56:51">
      <properties>
[...]
</properties>

      <testcase classname="edu.udel.cis.taschd.userinterface.UserInterfaceTest" name="testAddSem" time="0.03" />

      <system-out><![CDATA[]]></system-out>

      <system-err><![CDATA[]]></system-err>

  </testsuite>
</testsuites>
